<mets xmlns:tei="http://www.tei-c.org/ns/1.0" xmlns="http://www.loc.gov/METS/" xmlns:xlink="http://www.w3.org/1999/xlink"><dmdSec ID="teiheader-metadata"><mdWrap MDTYPE="TEIHDR"><xmlData><teiHeader xmlns="http://www.tei-c.org/ns/1.0">
		<fileDesc>
			<titleStmt>
				<title type="main">Our Separate Ways</title>
				<title type="subtitle">Women and the Black Freedom Movement in Durham, North Carolina</title>
				<author>
					<name>Christina Greene</name>
				</author>
				<respStmt>
					<resp>Text encoder:</resp>
					<name type="corporate">cM</name>
				</respStmt>
			</titleStmt>
			<extent>1.7 MB</extent>
			<publicationStmt>
				<publisher>The University of North Carolina Press</publisher>
				<pubPlace>Chapel Hill and London</pubPlace>
				<date when="2005">2005</date>
				<idno type="ISBN">9780807829387</idno>
			</publicationStmt>
			<sourceDesc>
				<biblFull>
					<titleStmt>
						<title type="main">Our Separate Ways</title>
						<title type="subtitle">Women and the Black Freedom Movement in Durham, North Carolina</title>
						<author>
							<name>Christina Greene</name>
						</author>
					</titleStmt>
					<extent>xviii, 366 p. ; ill. ; 25 cm.</extent>
					<publicationStmt>
						<publisher>The University of North Carolina Press</publisher>
						<pubPlace>Chapel Hill and London</pubPlace>
						<date when="2005">2005</date>
						<idno type="ISBN">9780807829387</idno>
						<idno type="local">http://search.lib.unc.edu/search?R=UNCb4674761</idno>
					</publicationStmt>
					<notesStmt>
						<note type="abstract">
							<p>In an in-depth community study of women in the civil rights movement, Christina Greene examines how several generations of black and white women, low-income as well as more affluent, shaped the struggle for black freedom in Durham, North Carolina. In the city long known as "the capital of the black middle class," Greene finds that, in fact, low-income African American women were the sustaining force for change.</p>
							<list type="keywords">
								<item>community</item>
								<item>civil rights</item>
								<item>Durham, North Carolina</item>
								<item>women</item>
								<item>low-income</item>
								<item>African American</item>
							</list>
						</note>
					</notesStmt>
				</biblFull>
			</sourceDesc>
		</fileDesc>
		<encodingDesc>
			<projectDesc>
				<p>The electronic edition is part of the <emph>Long Civil Rights Movement</emph> digitization project, a collaboration between UNC-Chapel Hill and the University of North Carolina Press.</p>
			</projectDesc>
			<editorialDecl>
				<p>The text has been encoded using the recommendations for TEI P5.</p>
				<p>Any hyphens occurring in line breaks have been removed, and the trailing part of a word has been joined to the preceding line.</p>
				<p>All special characters have been transcribed as Unicode characters, except for the five reserved XML entities.</p>
				<p>Indentation in lines has not been preserved.</p>
			</editorialDecl>
			<classDecl>
				<taxonomy>
					<bibl>
						<title>Library of Congress Cataloging-in-Publication Data</title>
					</bibl>
				</taxonomy>
			</classDecl>
		</encodingDesc>
		<profileDesc>
			<langUsage>
				<language ident="a" xml:lang="eng">English</language>
				<language ident="a" xml:lang="lat">Latin</language>
			</langUsage>
			<textClass>
				<keywords scheme="LCSH">
					<list type="simple">
						<item>African Americans--Civil rights--North Carolina--Durham--History--20th century.</item>
						<item>Civil rights movements--North Carolina--Durham--History--20th century.</item>
						<item>African American women--North Carolina--Durham--Political activity--History--20th century.</item>
						<item>Women, White--North Carolina--Durham--Political activity--History--20th century.</item>
						<item>Durham (N.C.)--Race relations.</item>
					</list>
				</keywords>
			</textClass>
		</profileDesc>
		<revisionDesc>
			<change>
				<date>2009-03-09</date>
				<name>codeMantra</name>
			</change>
			<change>
				<date>2009-03-09</date>
				<name>Kenneth Reed</name>
			</change>
		</revisionDesc>
	</teiHeader></xmlData></mdWrap></dmdSec><fileSec ID="content-files"><fileGrp ID="sources"><file ID="source" MIMETYPE="application/xml" DMDID="teiheader-metadata"><FLocat ID="source-location" LOCTYPE="URL" xlink:href="tei.xml"/></file></fileGrp><fileGrp ID="html-sections"><file MIMETYPE="application/xhtml+xml" ID="frontmatter"><FLocat LOCTYPE="URL" ID="frontmatter-location" xlink:href="001-segment.html"/></file><file MIMETYPE="application/xhtml+xml" ID="intro"><FLocat LOCTYPE="URL" ID="intro-location" xlink:href="002-segment.html"/></file><file MIMETYPE="application/xhtml+xml" ID="c01"><FLocat LOCTYPE="URL" ID="c01-location" xlink:href="003-segment.html"/></file><file MIMETYPE="application/xhtml+xml" ID="c02"><FLocat LOCTYPE="URL" ID="c02-location" xlink:href="004-segment.html"/></file><file MIMETYPE="application/xhtml+xml" ID="c03"><FLocat LOCTYPE="URL" ID="c03-location" xlink:href="005-segment.html"/></file><file MIMETYPE="application/xhtml+xml" ID="c04"><FLocat LOCTYPE="URL" ID="c04-location" xlink:href="006-segment.html"/></file><file MIMETYPE="application/xhtml+xml" ID="c05"><FLocat LOCTYPE="URL" ID="c05-location" xlink:href="007-segment.html"/></file><file MIMETYPE="application/xhtml+xml" ID="c06"><FLocat LOCTYPE="URL" ID="c06-location" xlink:href="008-segment.html"/></file><file MIMETYPE="application/xhtml+xml" ID="conclusion"><FLocat LOCTYPE="URL" ID="conclusion-location" xlink:href="009-segment.html"/></file><file MIMETYPE="application/xhtml+xml" ID="epilogue"><FLocat LOCTYPE="URL" ID="epilogue-location" xlink:href="010-segment.html"/></file><file MIMETYPE="application/xhtml+xml" ID="endnotes"><FLocat LOCTYPE="URL" ID="endnotes-location" xlink:href="011-segment.html"/></file><file MIMETYPE="application/xhtml+xml" ID="bib"><FLocat LOCTYPE="URL" ID="bib-location" xlink:href="012-segment.html"/></file><file MIMETYPE="application/xhtml+xml" ID="index"><FLocat LOCTYPE="URL" ID="index-location" xlink:href="013-segment.html"/></file></fileGrp><fileGrp ID="media"><file ID="figure-file-fig1" MIMETYPE="image/png"><FLocat LOCTYPE="URL" xlink:href="figures/9780807829387-fig1.png"/></file><file ID="figure-file-fig2" MIMETYPE="image/png"><FLocat LOCTYPE="URL" xlink:href="figures/9780807829387-fig2.png"/></file><file ID="figure-file-fig3" MIMETYPE="image/png"><FLocat LOCTYPE="URL" xlink:href="figures/9780807829387-fig3.png"/></file><file ID="figure-file-fig4" MIMETYPE="image/png"><FLocat LOCTYPE="URL" xlink:href="figures/9780807829387-fig4.png"/></file><file ID="figure-file-fig5" MIMETYPE="image/png"><FLocat LOCTYPE="URL" xlink:href="figures/9780807829387-fig5.png"/></file><file ID="figure-file-fig6" MIMETYPE="image/png"><FLocat LOCTYPE="URL" xlink:href="figures/9780807829387-fig6.png"/></file><file ID="figure-file-fig7" MIMETYPE="image/png"><FLocat LOCTYPE="URL" xlink:href="figures/9780807829387-fig7.png"/></file><file ID="figure-file-fig8" MIMETYPE="image/png"><FLocat LOCTYPE="URL" xlink:href="figures/9780807829387-fig8.png"/></file><file ID="figure-file-fig9" MIMETYPE="image/png"><FLocat LOCTYPE="URL" xlink:href="figures/9780807829387-fig9.png"/></file><file ID="figure-file-fig10" MIMETYPE="image/png"><FLocat LOCTYPE="URL" xlink:href="figures/9780807829387-fig10.png"/></file><file ID="figure-file-fig11" MIMETYPE="image/png"><FLocat LOCTYPE="URL" xlink:href="figures/9780807829387-fig11.png"/></file><file ID="figure-file-fig12" MIMETYPE="image/png"><FLocat LOCTYPE="URL" xlink:href="figures/9780807829387-fig12.png"/></file><file ID="figure-file-fig13" MIMETYPE="image/png"><FLocat LOCTYPE="URL" xlink:href="figures/9780807829387-fig13.png"/></file><file ID="figure-file-fig14" MIMETYPE="image/png"><FLocat LOCTYPE="URL" xlink:href="figures/9780807829387-fig14.png"/></file><file ID="figure-file-fig15" MIMETYPE="image/png"><FLocat LOCTYPE="URL" xlink:href="figures/9780807829387-fig15.png"/></file><file ID="figure-file-fig16" MIMETYPE="image/png"><FLocat LOCTYPE="URL" xlink:href="figures/9780807829387-fig16.png"/></file></fileGrp></fileSec><structMap ID="book-structure" LABEL="Our Separate Ways"><div TYPE="section" LABEL="Front Matter"><fptr FILEID="frontmatter"><area ID="page-i" FILEID="frontmatter" BEGIN="pi" BETYPE="IDREF" END="pii"/><area ID="page-ii" FILEID="frontmatter" BEGIN="pii" BETYPE="IDREF" END="piii"/><area ID="page-iii" FILEID="frontmatter" BEGIN="piii" BETYPE="IDREF" END="piv"/><area ID="page-iv" FILEID="frontmatter" BEGIN="piv" BETYPE="IDREF" END="pv"/><area ID="page-v" FILEID="frontmatter" BEGIN="pv" BETYPE="IDREF" END="pvi"/><area ID="page-vi" FILEID="frontmatter" BEGIN="pvi" BETYPE="IDREF" END="pvii"/><area ID="page-vii" FILEID="frontmatter" BEGIN="pvii" BETYPE="IDREF" END="pviii"/><area ID="page-viii" FILEID="frontmatter" BEGIN="pviii" BETYPE="IDREF" END="pix"/><area ID="page-ix" FILEID="frontmatter" BEGIN="pix" BETYPE="IDREF" END="px"/><area ID="page-x" FILEID="frontmatter" BEGIN="px" BETYPE="IDREF" END="pxi"/><area ID="page-xi" FILEID="frontmatter" BEGIN="pxi" BETYPE="IDREF" END="pxii"/><area ID="page-xii" FILEID="frontmatter" BEGIN="pxii" BETYPE="IDREF" END="pxiii"/><area ID="page-xiii" FILEID="frontmatter" BEGIN="pxiii" BETYPE="IDREF" END="pxiv"/><area ID="page-xiv" FILEID="frontmatter" BEGIN="pxiv" BETYPE="IDREF" END="pxv"/><area ID="page-xv" FILEID="frontmatter" BEGIN="pxv" BETYPE="IDREF" END="pxvi"/><area ID="page-xvi" FILEID="frontmatter" BEGIN="pxvi" BETYPE="IDREF" END="pxvii"/><area ID="page-xvii" FILEID="frontmatter" BEGIN="pxvii" BETYPE="IDREF" END="pxviii"/><area ID="page-xviii" FILEID="frontmatter" BEGIN="pxviii" BETYPE="IDREF"/></fptr></div><div TYPE="section" LABEL="Introduction"><fptr FILEID="intro"><area ID="page-1" FILEID="intro" BEGIN="p1" BETYPE="IDREF" END="p2"/><area ID="page-2" FILEID="intro" BEGIN="p2" BETYPE="IDREF" END="p3"/><area ID="page-3" FILEID="intro" BEGIN="p3" BETYPE="IDREF" END="p4"/><area ID="page-4" FILEID="intro" BEGIN="p4" BETYPE="IDREF" END="p5"/><area ID="page-5" FILEID="intro" BEGIN="p5" BETYPE="IDREF"/><area ID="ptr-noteref-1" FILEID="intro" BETYPE="IDREF" BEGIN="noteref-1"/><area ID="ptr-noteref-2" FILEID="intro" BETYPE="IDREF" BEGIN="noteref-2"/><area ID="ptr-noteref-3" FILEID="intro" BETYPE="IDREF" BEGIN="noteref-3"/><area ID="ptr-noteref-4" FILEID="intro" BETYPE="IDREF" BEGIN="noteref-4"/><area ID="ptr-noteref-5" FILEID="intro" BETYPE="IDREF" BEGIN="noteref-5"/><area ID="ptr-noteref-6" FILEID="intro" BETYPE="IDREF" BEGIN="noteref-6"/><area ID="ptr-noteref-7" FILEID="intro" BETYPE="IDREF" BEGIN="noteref-7"/><area ID="ptr-noteref-8" FILEID="intro" BETYPE="IDREF" BEGIN="noteref-8"/><area ID="ptr-noteref-9" FILEID="intro" BETYPE="IDREF" BEGIN="noteref-9"/><area ID="ptr-noteref-10" FILEID="intro" BETYPE="IDREF" BEGIN="noteref-10"/><area ID="ptr-noteref-11" FILEID="intro" BETYPE="IDREF" BEGIN="noteref-11"/><area ID="ptr-noteref-12" FILEID="intro" BETYPE="IDREF" BEGIN="noteref-12"/><area ID="ptr-noteref-13" FILEID="intro" BETYPE="IDREF" BEGIN="noteref-13"/><area ID="ptr-noteref-14" FILEID="intro" BETYPE="IDREF" BEGIN="noteref-14"/><area ID="ptr-noteref-15" FILEID="intro" BETYPE="IDREF" BEGIN="noteref-15"/></fptr></div><div TYPE="section" LABEL="If You Want Anything Done, Get the Women and the Children"><fptr FILEID="c01"><area ID="page-6" FILEID="c01" BEGIN="p6" BETYPE="IDREF" END="p7"/><area ID="page-7" FILEID="c01" BEGIN="p7" BETYPE="IDREF" END="p8"/><area ID="page-8" FILEID="c01" BEGIN="p8" BETYPE="IDREF" END="p9"/><area ID="page-9" FILEID="c01" BEGIN="p9" BETYPE="IDREF" END="p10"/><area ID="page-10" FILEID="c01" BEGIN="p10" BETYPE="IDREF" END="p11"/><area ID="page-11" FILEID="c01" BEGIN="p11" BETYPE="IDREF" END="p12"/><area ID="page-12" FILEID="c01" BEGIN="p12" BETYPE="IDREF" END="p13"/><area ID="page-13" FILEID="c01" BEGIN="p13" BETYPE="IDREF" END="p14"/><area ID="page-14" FILEID="c01" BEGIN="p14" BETYPE="IDREF" END="p15"/><area ID="page-15" FILEID="c01" BEGIN="p15" BETYPE="IDREF" END="p16"/><area ID="page-16" FILEID="c01" BEGIN="p16" BETYPE="IDREF" END="p17"/><area ID="page-17" FILEID="c01" BEGIN="p17" BETYPE="IDREF" END="p18"/><area ID="page-18" FILEID="c01" BEGIN="p18" BETYPE="IDREF" END="p19"/><area ID="page-19" FILEID="c01" BEGIN="p19" BETYPE="IDREF" END="p20"/><area ID="page-20" FILEID="c01" BEGIN="p20" BETYPE="IDREF" END="p21"/><area ID="page-21" FILEID="c01" BEGIN="p21" BETYPE="IDREF" END="p22"/><area ID="page-22" FILEID="c01" BEGIN="p22" BETYPE="IDREF" END="p23"/><area ID="page-23" FILEID="c01" BEGIN="p23" BETYPE="IDREF" END="p24"/><area ID="page-24" FILEID="c01" BEGIN="p24" BETYPE="IDREF" END="p25"/><area ID="page-25" FILEID="c01" BEGIN="p25" BETYPE="IDREF" END="p26"/><area ID="page-26" FILEID="c01" BEGIN="p26" BETYPE="IDREF" END="p27"/><area ID="page-27" FILEID="c01" BEGIN="p27" BETYPE="IDREF" END="p28"/><area ID="page-28" FILEID="c01" BEGIN="p28" BETYPE="IDREF" END="p29"/><area ID="page-29" FILEID="c01" BEGIN="p29" BETYPE="IDREF" END="p30"/><area ID="page-30" FILEID="c01" BEGIN="p30" BETYPE="IDREF" END="p31"/><area ID="page-31" FILEID="c01" BEGIN="p31" BETYPE="IDREF" END="p32"/><area ID="page-32" FILEID="c01" BEGIN="p32" BETYPE="IDREF"/><area ID="ptr-noteref-16" FILEID="c01" BETYPE="IDREF" BEGIN="noteref-16"/><area ID="ptr-noteref-17" FILEID="c01" BETYPE="IDREF" BEGIN="noteref-17"/><area ID="ptr-noteref-18" FILEID="c01" BETYPE="IDREF" BEGIN="noteref-18"/><area ID="ptr-noteref-19" FILEID="c01" BETYPE="IDREF" BEGIN="noteref-19"/><area ID="ptr-noteref-20" FILEID="c01" BETYPE="IDREF" BEGIN="noteref-20"/><area ID="ptr-noteref-21" FILEID="c01" BETYPE="IDREF" BEGIN="noteref-21"/><area ID="ptr-noteref-22" FILEID="c01" BETYPE="IDREF" BEGIN="noteref-22"/><area ID="ptr-noteref-23" FILEID="c01" BETYPE="IDREF" BEGIN="noteref-23"/><area ID="ptr-noteref-24" FILEID="c01" BETYPE="IDREF" BEGIN="noteref-24"/><area ID="ptr-noteref-25" FILEID="c01" BETYPE="IDREF" BEGIN="noteref-25"/><area ID="ptr-noteref-26" FILEID="c01" BETYPE="IDREF" BEGIN="noteref-26"/><area ID="ptr-noteref-27" FILEID="c01" BETYPE="IDREF" BEGIN="noteref-27"/><area ID="ptr-noteref-28" FILEID="c01" BETYPE="IDREF" BEGIN="noteref-28"/><area ID="ptr-noteref-29" FILEID="c01" BETYPE="IDREF" BEGIN="noteref-29"/><area ID="ptr-noteref-30" FILEID="c01" BETYPE="IDREF" BEGIN="noteref-30"/><area ID="ptr-noteref-31" FILEID="c01" BETYPE="IDREF" BEGIN="noteref-31"/><area ID="ptr-noteref-32" FILEID="c01" BETYPE="IDREF" BEGIN="noteref-32"/><area ID="ptr-noteref-33" FILEID="c01" BETYPE="IDREF" BEGIN="noteref-33"/><area ID="ptr-noteref-34" FILEID="c01" BETYPE="IDREF" BEGIN="noteref-34"/><area ID="ptr-noteref-35" FILEID="c01" BETYPE="IDREF" BEGIN="noteref-35"/><area ID="ptr-noteref-36" FILEID="c01" BETYPE="IDREF" BEGIN="noteref-36"/><area ID="ptr-noteref-37" FILEID="c01" BETYPE="IDREF" BEGIN="noteref-37"/><area ID="ptr-noteref-38" FILEID="c01" BETYPE="IDREF" BEGIN="noteref-38"/><area ID="ptr-noteref-39" FILEID="c01" BETYPE="IDREF" BEGIN="noteref-39"/><area ID="ptr-noteref-40" FILEID="c01" BETYPE="IDREF" BEGIN="noteref-40"/><area ID="ptr-noteref-41" FILEID="c01" BETYPE="IDREF" BEGIN="noteref-41"/><area ID="ptr-noteref-42" FILEID="c01" BETYPE="IDREF" BEGIN="noteref-42"/><area ID="ptr-noteref-43" FILEID="c01" BETYPE="IDREF" BEGIN="noteref-43"/><area ID="ptr-noteref-44" FILEID="c01" BETYPE="IDREF" BEGIN="noteref-44"/><area ID="ptr-noteref-45" FILEID="c01" BETYPE="IDREF" BEGIN="noteref-45"/><area ID="ptr-noteref-46" FILEID="c01" BETYPE="IDREF" BEGIN="noteref-46"/><area ID="ptr-noteref-47" FILEID="c01" BETYPE="IDREF" BEGIN="noteref-47"/><area ID="ptr-noteref-48" FILEID="c01" BETYPE="IDREF" BEGIN="noteref-48"/><area ID="ptr-noteref-49" FILEID="c01" BETYPE="IDREF" BEGIN="noteref-49"/><area ID="ptr-noteref-50" FILEID="c01" BETYPE="IDREF" BEGIN="noteref-50"/><area ID="ptr-noteref-51" FILEID="c01" BETYPE="IDREF" BEGIN="noteref-51"/><area ID="ptr-noteref-52" FILEID="c01" BETYPE="IDREF" BEGIN="noteref-52"/><area ID="ptr-noteref-53" FILEID="c01" BETYPE="IDREF" BEGIN="noteref-53"/><area ID="ptr-noteref-54" FILEID="c01" BETYPE="IDREF" BEGIN="noteref-54"/><area ID="ptr-noteref-55" FILEID="c01" BETYPE="IDREF" BEGIN="noteref-55"/><area ID="ptr-noteref-56" FILEID="c01" BETYPE="IDREF" BEGIN="noteref-56"/><area ID="ptr-noteref-57" FILEID="c01" BETYPE="IDREF" BEGIN="noteref-57"/><area ID="ptr-noteref-58" FILEID="c01" BETYPE="IDREF" BEGIN="noteref-58"/><area ID="ptr-noteref-59" FILEID="c01" BETYPE="IDREF" BEGIN="noteref-59"/><area ID="ptr-noteref-60" FILEID="c01" BETYPE="IDREF" BEGIN="noteref-60"/><area ID="ptr-noteref-61" FILEID="c01" BETYPE="IDREF" BEGIN="noteref-61"/><area ID="ptr-noteref-62" FILEID="c01" BETYPE="IDREF" BEGIN="noteref-62"/><area ID="ptr-noteref-63" FILEID="c01" BETYPE="IDREF" BEGIN="noteref-63"/><area ID="ptr-noteref-64" FILEID="c01" BETYPE="IDREF" BEGIN="noteref-64"/><area ID="ptr-noteref-65" FILEID="c01" BETYPE="IDREF" BEGIN="noteref-65"/><area ID="ptr-noteref-66" FILEID="c01" BETYPE="IDREF" BEGIN="noteref-66"/><area ID="ptr-noteref-67" FILEID="c01" BETYPE="IDREF" BEGIN="noteref-67"/><area ID="ptr-noteref-68" FILEID="c01" BETYPE="IDREF" BEGIN="noteref-68"/><area ID="ptr-noteref-69" FILEID="c01" BETYPE="IDREF" BEGIN="noteref-69"/><area ID="ptr-noteref-70" FILEID="c01" BETYPE="IDREF" BEGIN="noteref-70"/><area ID="ptr-noteref-71" FILEID="c01" BETYPE="IDREF" BEGIN="noteref-71"/><area ID="ptr-noteref-72" FILEID="c01" BETYPE="IDREF" BEGIN="noteref-72"/><area ID="ptr-noteref-73" FILEID="c01" BETYPE="IDREF" BEGIN="noteref-73"/><area ID="ptr-noteref-74" FILEID="c01" BETYPE="IDREF" BEGIN="noteref-74"/><area ID="ptr-noteref-75" FILEID="c01" BETYPE="IDREF" BEGIN="noteref-75"/><area ID="ptr-noteref-76" FILEID="c01" BETYPE="IDREF" BEGIN="noteref-76"/><area ID="ptr-noteref-77" FILEID="c01" BETYPE="IDREF" BEGIN="noteref-77"/><area ID="ptr-noteref-78" FILEID="c01" BETYPE="IDREF" BEGIN="noteref-78"/><area ID="ptr-noteref-79" FILEID="c01" BETYPE="IDREF" BEGIN="noteref-79"/><area ID="ptr-noteref-80" FILEID="c01" BETYPE="IDREF" BEGIN="noteref-80"/><area ID="ptr-noteref-81" FILEID="c01" BETYPE="IDREF" BEGIN="noteref-81"/><area ID="ptr-noteref-82" FILEID="c01" BETYPE="IDREF" BEGIN="noteref-82"/><area ID="ptr-noteref-83" FILEID="c01" BETYPE="IDREF" BEGIN="noteref-83"/><area ID="ptr-noteref-84" FILEID="c01" BETYPE="IDREF" BEGIN="noteref-84"/><area ID="ptr-noteref-85" FILEID="c01" BETYPE="IDREF" BEGIN="noteref-85"/><area ID="ptr-noteref-86" FILEID="c01" BETYPE="IDREF" BEGIN="noteref-86"/><area ID="ptr-noteref-87" FILEID="c01" BETYPE="IDREF" BEGIN="noteref-87"/><area ID="ptr-noteref-88" FILEID="c01" BETYPE="IDREF" BEGIN="noteref-88"/><area ID="ptr-noteref-89" FILEID="c01" BETYPE="IDREF" BEGIN="noteref-89"/><area ID="ptr-noteref-90" FILEID="c01" BETYPE="IDREF" BEGIN="noteref-90"/><area ID="ptr-noteref-91" FILEID="c01" BETYPE="IDREF" BEGIN="noteref-91"/><area ID="ptr-noteref-92" FILEID="c01" BETYPE="IDREF" BEGIN="noteref-92"/><area ID="ptr-noteref-93" FILEID="c01" BETYPE="IDREF" BEGIN="noteref-93"/><area ID="ptr-noteref-94" FILEID="c01" BETYPE="IDREF" BEGIN="noteref-94"/><area ID="ptr-noteref-95" FILEID="c01" BETYPE="IDREF" BEGIN="noteref-95"/><area ID="ptr-noteref-96" FILEID="c01" BETYPE="IDREF" BEGIN="noteref-96"/><area ID="ptr-noteref-97" FILEID="c01" BETYPE="IDREF" BEGIN="noteref-97"/><area ID="ptr-noteref-98" FILEID="c01" BETYPE="IDREF" BEGIN="noteref-98"/><area ID="ptr-noteref-99" FILEID="c01" BETYPE="IDREF" BEGIN="noteref-99"/><area ID="ptr-noteref-100" FILEID="c01" BETYPE="IDREF" BEGIN="noteref-100"/><area ID="ptr-noteref-101" FILEID="c01" BETYPE="IDREF" BEGIN="noteref-101"/><area ID="ptr-noteref-102" FILEID="c01" BETYPE="IDREF" BEGIN="noteref-102"/><area ID="ptr-noteref-103" FILEID="c01" BETYPE="IDREF" BEGIN="noteref-103"/><area ID="ptr-noteref-104" FILEID="c01" BETYPE="IDREF" BEGIN="noteref-104"/><area ID="ptr-noteref-105" FILEID="c01" BETYPE="IDREF" BEGIN="noteref-105"/><area ID="ptr-noteref-106" FILEID="c01" BETYPE="IDREF" BEGIN="noteref-106"/><area ID="ptr-noteref-107" FILEID="c01" BETYPE="IDREF" BEGIN="noteref-107"/><area ID="ptr-noteref-108" FILEID="c01" BETYPE="IDREF" BEGIN="noteref-108"/><area ID="ptr-noteref-109" FILEID="c01" BETYPE="IDREF" BEGIN="noteref-109"/><area ID="ptr-noteref-110" FILEID="c01" BETYPE="IDREF" BEGIN="noteref-110"/><area ID="ptr-noteref-111" FILEID="c01" BETYPE="IDREF" BEGIN="noteref-111"/><area ID="ptr-noteref-112" FILEID="c01" BETYPE="IDREF" BEGIN="noteref-112"/><area ID="ptr-noteref-113" FILEID="c01" BETYPE="IDREF" BEGIN="noteref-113"/><area ID="ptr-noteref-114" FILEID="c01" BETYPE="IDREF" BEGIN="noteref-114"/><area ID="ptr-noteref-115" FILEID="c01" BETYPE="IDREF" BEGIN="noteref-115"/><area ID="ptr-noteref-116" FILEID="c01" BETYPE="IDREF" BEGIN="noteref-116"/><area ID="ptr-noteref-117" FILEID="c01" BETYPE="IDREF" BEGIN="noteref-117"/><area ID="ptr-noteref-118" FILEID="c01" BETYPE="IDREF" BEGIN="noteref-118"/><area ID="ptr-noteref-119" FILEID="c01" BETYPE="IDREF" BEGIN="noteref-119"/><area ID="ptr-noteref-120" FILEID="c01" BETYPE="IDREF" BEGIN="noteref-120"/><area ID="ptr-noteref-121" FILEID="c01" BETYPE="IDREF" BEGIN="noteref-121"/><area ID="ptr-noteref-122" FILEID="c01" BETYPE="IDREF" BEGIN="noteref-122"/><area ID="ptr-noteref-123" FILEID="c01" BETYPE="IDREF" BEGIN="noteref-123"/><area ID="ptr-noteref-124" FILEID="c01" BETYPE="IDREF" BEGIN="noteref-124"/><area ID="ptr-noteref-125" FILEID="c01" BETYPE="IDREF" BEGIN="noteref-125"/><area ID="ptr-noteref-126" FILEID="c01" BETYPE="IDREF" BEGIN="noteref-126"/><area ID="ptr-noteref-127" FILEID="c01" BETYPE="IDREF" BEGIN="noteref-127"/><area ID="ptr-noteref-128" FILEID="c01" BETYPE="IDREF" BEGIN="noteref-128"/><area ID="ptr-noteref-129" FILEID="c01" BETYPE="IDREF" BEGIN="noteref-129"/></fptr></div><div TYPE="section" LABEL="A Few Still, Small Voices"><fptr FILEID="c02"><area ID="page-33" FILEID="c02" BEGIN="p33" BETYPE="IDREF" END="p34"/><area ID="page-34" FILEID="c02" BEGIN="p34" BETYPE="IDREF" END="p35"/><area ID="page-35" FILEID="c02" BEGIN="p35" BETYPE="IDREF" END="p36"/><area ID="page-36" FILEID="c02" BEGIN="p36" BETYPE="IDREF" END="p37"/><area ID="page-37" FILEID="c02" BEGIN="p37" BETYPE="IDREF" END="p38"/><area ID="page-38" FILEID="c02" BEGIN="p38" BETYPE="IDREF" END="p39"/><area ID="page-39" FILEID="c02" BEGIN="p39" BETYPE="IDREF" END="p40"/><area ID="page-40" FILEID="c02" BEGIN="p40" BETYPE="IDREF" END="p41"/><area ID="page-41" FILEID="c02" BEGIN="p41" BETYPE="IDREF" END="p42"/><area ID="page-42" FILEID="c02" BEGIN="p42" BETYPE="IDREF" END="p43"/><area ID="page-43" FILEID="c02" BEGIN="p43" BETYPE="IDREF" END="p44"/><area ID="page-44" FILEID="c02" BEGIN="p44" BETYPE="IDREF" END="p45"/><area ID="page-45" FILEID="c02" BEGIN="p45" BETYPE="IDREF" END="p46"/><area ID="page-46" FILEID="c02" BEGIN="p46" BETYPE="IDREF" END="p47"/><area ID="page-47" FILEID="c02" BEGIN="p47" BETYPE="IDREF" END="p48"/><area ID="page-48" FILEID="c02" BEGIN="p48" BETYPE="IDREF" END="p49"/><area ID="page-49" FILEID="c02" BEGIN="p49" BETYPE="IDREF" END="p50"/><area ID="page-50" FILEID="c02" BEGIN="p50" BETYPE="IDREF" END="p51"/><area ID="page-51" FILEID="c02" BEGIN="p51" BETYPE="IDREF" END="p52"/><area ID="page-52" FILEID="c02" BEGIN="p52" BETYPE="IDREF" END="p53"/><area ID="page-53" FILEID="c02" BEGIN="p53" BETYPE="IDREF" END="p54"/><area ID="page-54" FILEID="c02" BEGIN="p54" BETYPE="IDREF" END="p55"/><area ID="page-55" FILEID="c02" BEGIN="p55" BETYPE="IDREF" END="p56"/><area ID="page-56" FILEID="c02" BEGIN="p56" BETYPE="IDREF" END="p57"/><area ID="page-57" FILEID="c02" BEGIN="p57" BETYPE="IDREF" END="p58"/><area ID="page-58" FILEID="c02" BEGIN="p58" BETYPE="IDREF" END="p59"/><area ID="page-59" FILEID="c02" BEGIN="p59" BETYPE="IDREF" END="p60"/><area ID="page-60" FILEID="c02" BEGIN="p60" BETYPE="IDREF" END="p61"/><area ID="page-61" FILEID="c02" BEGIN="p61" BETYPE="IDREF"/><area ID="ptr-noteref-130" FILEID="c02" BETYPE="IDREF" BEGIN="noteref-130"/><area ID="ptr-noteref-131" FILEID="c02" BETYPE="IDREF" BEGIN="noteref-131"/><area ID="ptr-noteref-132" FILEID="c02" BETYPE="IDREF" BEGIN="noteref-132"/><area ID="ptr-noteref-133" FILEID="c02" BETYPE="IDREF" BEGIN="noteref-133"/><area ID="ptr-noteref-134" FILEID="c02" BETYPE="IDREF" BEGIN="noteref-134"/><area ID="ptr-noteref-135" FILEID="c02" BETYPE="IDREF" BEGIN="noteref-135"/><area ID="ptr-noteref-136" FILEID="c02" BETYPE="IDREF" BEGIN="noteref-136"/><area ID="ptr-noteref-137" FILEID="c02" BETYPE="IDREF" BEGIN="noteref-137"/><area ID="ptr-noteref-138" FILEID="c02" BETYPE="IDREF" BEGIN="noteref-138"/><area ID="ptr-noteref-139" FILEID="c02" BETYPE="IDREF" BEGIN="noteref-139"/><area ID="ptr-noteref-140" FILEID="c02" BETYPE="IDREF" BEGIN="noteref-140"/><area ID="ptr-noteref-141" FILEID="c02" BETYPE="IDREF" BEGIN="noteref-141"/><area ID="ptr-noteref-142" FILEID="c02" BETYPE="IDREF" BEGIN="noteref-142"/><area ID="ptr-noteref-143" FILEID="c02" BETYPE="IDREF" BEGIN="noteref-143"/><area ID="ptr-noteref-144" FILEID="c02" BETYPE="IDREF" BEGIN="noteref-144"/><area ID="ptr-noteref-145" FILEID="c02" BETYPE="IDREF" BEGIN="noteref-145"/><area ID="ptr-noteref-146" FILEID="c02" BETYPE="IDREF" BEGIN="noteref-146"/><area ID="ptr-noteref-147" FILEID="c02" BETYPE="IDREF" BEGIN="noteref-147"/><area ID="ptr-noteref-148" FILEID="c02" BETYPE="IDREF" BEGIN="noteref-148"/><area ID="ptr-noteref-149" FILEID="c02" BETYPE="IDREF" BEGIN="noteref-149"/><area ID="ptr-noteref-150" FILEID="c02" BETYPE="IDREF" BEGIN="noteref-150"/><area ID="ptr-noteref-151" FILEID="c02" BETYPE="IDREF" BEGIN="noteref-151"/><area ID="ptr-noteref-152" FILEID="c02" BETYPE="IDREF" BEGIN="noteref-152"/><area ID="ptr-noteref-153" FILEID="c02" BETYPE="IDREF" BEGIN="noteref-153"/><area ID="ptr-noteref-154" FILEID="c02" BETYPE="IDREF" BEGIN="noteref-154"/><area ID="ptr-noteref-155" FILEID="c02" BETYPE="IDREF" BEGIN="noteref-155"/><area ID="ptr-noteref-156" FILEID="c02" BETYPE="IDREF" BEGIN="noteref-156"/><area ID="ptr-noteref-157" FILEID="c02" BETYPE="IDREF" BEGIN="noteref-157"/><area ID="ptr-noteref-158" FILEID="c02" BETYPE="IDREF" BEGIN="noteref-158"/><area ID="ptr-noteref-159" FILEID="c02" BETYPE="IDREF" BEGIN="noteref-159"/><area ID="ptr-noteref-160" FILEID="c02" BETYPE="IDREF" BEGIN="noteref-160"/><area ID="ptr-noteref-161" FILEID="c02" BETYPE="IDREF" BEGIN="noteref-161"/><area ID="ptr-noteref-162" FILEID="c02" BETYPE="IDREF" BEGIN="noteref-162"/><area ID="ptr-noteref-163" FILEID="c02" BETYPE="IDREF" BEGIN="noteref-163"/><area ID="ptr-noteref-164" FILEID="c02" BETYPE="IDREF" BEGIN="noteref-164"/><area ID="ptr-noteref-165" FILEID="c02" BETYPE="IDREF" BEGIN="noteref-165"/><area ID="ptr-noteref-166" FILEID="c02" BETYPE="IDREF" BEGIN="noteref-166"/><area ID="ptr-noteref-167" FILEID="c02" BETYPE="IDREF" BEGIN="noteref-167"/><area ID="ptr-noteref-168" FILEID="c02" BETYPE="IDREF" BEGIN="noteref-168"/><area ID="ptr-noteref-169" FILEID="c02" BETYPE="IDREF" BEGIN="noteref-169"/><area ID="ptr-noteref-170" FILEID="c02" BETYPE="IDREF" BEGIN="noteref-170"/><area ID="ptr-noteref-171" FILEID="c02" BETYPE="IDREF" BEGIN="noteref-171"/><area ID="ptr-noteref-172" FILEID="c02" BETYPE="IDREF" BEGIN="noteref-172"/><area ID="ptr-noteref-173" FILEID="c02" BETYPE="IDREF" BEGIN="noteref-173"/><area ID="ptr-noteref-174" FILEID="c02" BETYPE="IDREF" BEGIN="noteref-174"/><area ID="ptr-noteref-175" FILEID="c02" BETYPE="IDREF" BEGIN="noteref-175"/><area ID="ptr-noteref-176" FILEID="c02" BETYPE="IDREF" BEGIN="noteref-176"/><area ID="ptr-noteref-177" FILEID="c02" BETYPE="IDREF" BEGIN="noteref-177"/><area ID="ptr-noteref-178" FILEID="c02" BETYPE="IDREF" BEGIN="noteref-178"/><area ID="ptr-noteref-179" FILEID="c02" BETYPE="IDREF" BEGIN="noteref-179"/><area ID="ptr-noteref-180" FILEID="c02" BETYPE="IDREF" BEGIN="noteref-180"/><area ID="ptr-noteref-181" FILEID="c02" BETYPE="IDREF" BEGIN="noteref-181"/><area ID="ptr-noteref-182" FILEID="c02" BETYPE="IDREF" BEGIN="noteref-182"/><area ID="ptr-noteref-183" FILEID="c02" BETYPE="IDREF" BEGIN="noteref-183"/><area ID="ptr-noteref-184" FILEID="c02" BETYPE="IDREF" BEGIN="noteref-184"/><area ID="ptr-noteref-185" FILEID="c02" BETYPE="IDREF" BEGIN="noteref-185"/><area ID="ptr-noteref-186" FILEID="c02" BETYPE="IDREF" BEGIN="noteref-186"/><area ID="ptr-noteref-187" FILEID="c02" BETYPE="IDREF" BEGIN="noteref-187"/><area ID="ptr-noteref-188" FILEID="c02" BETYPE="IDREF" BEGIN="noteref-188"/><area ID="ptr-noteref-189" FILEID="c02" BETYPE="IDREF" BEGIN="noteref-189"/><area ID="ptr-noteref-190" FILEID="c02" BETYPE="IDREF" BEGIN="noteref-190"/><area ID="ptr-noteref-191" FILEID="c02" BETYPE="IDREF" BEGIN="noteref-191"/><area ID="ptr-noteref-192" FILEID="c02" BETYPE="IDREF" BEGIN="noteref-192"/><area ID="ptr-noteref-193" FILEID="c02" BETYPE="IDREF" BEGIN="noteref-193"/><area ID="ptr-noteref-194" FILEID="c02" BETYPE="IDREF" BEGIN="noteref-194"/><area ID="ptr-noteref-195" FILEID="c02" BETYPE="IDREF" BEGIN="noteref-195"/><area ID="ptr-noteref-196" FILEID="c02" BETYPE="IDREF" BEGIN="noteref-196"/><area ID="ptr-noteref-197" FILEID="c02" BETYPE="IDREF" BEGIN="noteref-197"/><area ID="ptr-noteref-198" FILEID="c02" BETYPE="IDREF" BEGIN="noteref-198"/><area ID="ptr-noteref-199" FILEID="c02" BETYPE="IDREF" BEGIN="noteref-199"/><area ID="ptr-noteref-200" FILEID="c02" BETYPE="IDREF" BEGIN="noteref-200"/><area ID="ptr-noteref-201" FILEID="c02" BETYPE="IDREF" BEGIN="noteref-201"/><area ID="ptr-noteref-202" FILEID="c02" BETYPE="IDREF" BEGIN="noteref-202"/><area ID="ptr-noteref-203" FILEID="c02" BETYPE="IDREF" BEGIN="noteref-203"/><area ID="ptr-noteref-204" FILEID="c02" BETYPE="IDREF" BEGIN="noteref-204"/><area ID="ptr-noteref-205" FILEID="c02" BETYPE="IDREF" BEGIN="noteref-205"/><area ID="ptr-noteref-206" FILEID="c02" BETYPE="IDREF" BEGIN="noteref-206"/><area ID="ptr-noteref-207" FILEID="c02" BETYPE="IDREF" BEGIN="noteref-207"/><area ID="ptr-noteref-208" FILEID="c02" BETYPE="IDREF" BEGIN="noteref-208"/><area ID="ptr-noteref-209" FILEID="c02" BETYPE="IDREF" BEGIN="noteref-209"/><area ID="ptr-noteref-210" FILEID="c02" BETYPE="IDREF" BEGIN="noteref-210"/><area ID="ptr-noteref-211" FILEID="c02" BETYPE="IDREF" BEGIN="noteref-211"/><area ID="ptr-noteref-212" FILEID="c02" BETYPE="IDREF" BEGIN="noteref-212"/><area ID="ptr-noteref-213" FILEID="c02" BETYPE="IDREF" BEGIN="noteref-213"/><area ID="ptr-noteref-214" FILEID="c02" BETYPE="IDREF" BEGIN="noteref-214"/><area ID="ptr-noteref-215" FILEID="c02" BETYPE="IDREF" BEGIN="noteref-215"/><area ID="ptr-noteref-216" FILEID="c02" BETYPE="IDREF" BEGIN="noteref-216"/><area ID="ptr-noteref-217" FILEID="c02" BETYPE="IDREF" BEGIN="noteref-217"/><area ID="ptr-noteref-218" FILEID="c02" BETYPE="IDREF" BEGIN="noteref-218"/><area ID="ptr-noteref-219" FILEID="c02" BETYPE="IDREF" BEGIN="noteref-219"/><area ID="ptr-noteref-220" FILEID="c02" BETYPE="IDREF" BEGIN="noteref-220"/><area ID="ptr-noteref-221" FILEID="c02" BETYPE="IDREF" BEGIN="noteref-221"/><area ID="ptr-noteref-222" FILEID="c02" BETYPE="IDREF" BEGIN="noteref-222"/><area ID="ptr-noteref-223" FILEID="c02" BETYPE="IDREF" BEGIN="noteref-223"/><area ID="ptr-noteref-224" FILEID="c02" BETYPE="IDREF" BEGIN="noteref-224"/><area ID="ptr-noteref-225" FILEID="c02" BETYPE="IDREF" BEGIN="noteref-225"/><area ID="ptr-noteref-226" FILEID="c02" BETYPE="IDREF" BEGIN="noteref-226"/><area ID="ptr-noteref-227" FILEID="c02" BETYPE="IDREF" BEGIN="noteref-227"/><area ID="ptr-noteref-228" FILEID="c02" BETYPE="IDREF" BEGIN="noteref-228"/><area ID="ptr-noteref-229" FILEID="c02" BETYPE="IDREF" BEGIN="noteref-229"/><area ID="ptr-noteref-230" FILEID="c02" BETYPE="IDREF" BEGIN="noteref-230"/><area ID="ptr-noteref-231" FILEID="c02" BETYPE="IDREF" BEGIN="noteref-231"/><area ID="ptr-noteref-232" FILEID="c02" BETYPE="IDREF" BEGIN="noteref-232"/><area ID="ptr-noteref-233" FILEID="c02" BETYPE="IDREF" BEGIN="noteref-233"/><area ID="ptr-noteref-234" FILEID="c02" BETYPE="IDREF" BEGIN="noteref-234"/></fptr></div><div TYPE="section" LABEL="The Sisters behind the Brothers"><fptr FILEID="c03"><area ID="page-62" FILEID="c03" BEGIN="p62" BETYPE="IDREF" END="p63"/><area ID="page-63" FILEID="c03" BEGIN="p63" BETYPE="IDREF" END="p64"/><area ID="page-64" FILEID="c03" BEGIN="p64" BETYPE="IDREF" END="p65"/><area ID="page-65" FILEID="c03" BEGIN="p65" BETYPE="IDREF" END="p66"/><area ID="page-66" FILEID="c03" BEGIN="p66" BETYPE="IDREF" END="p67"/><area ID="page-67" FILEID="c03" BEGIN="p67" BETYPE="IDREF" END="p68"/><area ID="page-68" FILEID="c03" BEGIN="p68" BETYPE="IDREF" END="p69"/><area ID="page-69" FILEID="c03" BEGIN="p69" BETYPE="IDREF" END="p70"/><area ID="page-70" FILEID="c03" BEGIN="p70" BETYPE="IDREF" END="p71"/><area ID="page-71" FILEID="c03" BEGIN="p71" BETYPE="IDREF" END="p72"/><area ID="page-72" FILEID="c03" BEGIN="p72" BETYPE="IDREF" END="p73"/><area ID="page-73" FILEID="c03" BEGIN="p73" BETYPE="IDREF" END="p74"/><area ID="page-74" FILEID="c03" BEGIN="p74" BETYPE="IDREF" END="p75"/><area ID="page-75" FILEID="c03" BEGIN="p75" BETYPE="IDREF" END="p76"/><area ID="page-76" FILEID="c03" BEGIN="p76" BETYPE="IDREF" END="p77"/><area ID="page-77" FILEID="c03" BEGIN="p77" BETYPE="IDREF" END="p78"/><area ID="page-78" FILEID="c03" BEGIN="p78" BETYPE="IDREF" END="p79"/><area ID="page-79" FILEID="c03" BEGIN="p79" BETYPE="IDREF" END="p80"/><area ID="page-80" FILEID="c03" BEGIN="p80" BETYPE="IDREF" END="p81"/><area ID="page-81" FILEID="c03" BEGIN="p81" BETYPE="IDREF" END="p82"/><area ID="page-82" FILEID="c03" BEGIN="p82" BETYPE="IDREF" END="p83"/><area ID="page-83" FILEID="c03" BEGIN="p83" BETYPE="IDREF" END="p84"/><area ID="page-84" FILEID="c03" BEGIN="p84" BETYPE="IDREF" END="p85"/><area ID="page-85" FILEID="c03" BEGIN="p85" BETYPE="IDREF" END="p86"/><area ID="page-86" FILEID="c03" BEGIN="p86" BETYPE="IDREF" END="p87"/><area ID="page-87" FILEID="c03" BEGIN="p87" BETYPE="IDREF" END="p88"/><area ID="page-88" FILEID="c03" BEGIN="p88" BETYPE="IDREF" END="p89"/><area ID="page-89" FILEID="c03" BEGIN="p89" BETYPE="IDREF" END="p90"/><area ID="page-90" FILEID="c03" BEGIN="p90" BETYPE="IDREF" END="p91"/><area ID="page-91" FILEID="c03" BEGIN="p91" BETYPE="IDREF" END="p92"/><area ID="page-92" FILEID="c03" BEGIN="p92" BETYPE="IDREF" END="p93"/><area ID="page-93" FILEID="c03" BEGIN="p93" BETYPE="IDREF" END="p94"/><area ID="page-94" FILEID="c03" BEGIN="p94" BETYPE="IDREF" END="p95"/><area ID="page-95" FILEID="c03" BEGIN="p95" BETYPE="IDREF" END="p96"/><area ID="page-96" FILEID="c03" BEGIN="p96" BETYPE="IDREF" END="p97"/><area ID="page-97" FILEID="c03" BEGIN="p97" BETYPE="IDREF" END="p98"/><area ID="page-98" FILEID="c03" BEGIN="p98" BETYPE="IDREF" END="p99"/><area ID="page-99" FILEID="c03" BEGIN="p99" BETYPE="IDREF" END="p100"/><area ID="page-100" FILEID="c03" BEGIN="p100" BETYPE="IDREF" END="p101"/><area ID="page-101" FILEID="c03" BEGIN="p101" BETYPE="IDREF" END="p102"/><area ID="page-102" FILEID="c03" BEGIN="p102" BETYPE="IDREF" END="p103"/><area ID="page-103" FILEID="c03" BEGIN="p103" BETYPE="IDREF" END="p104"/><area ID="page-104" FILEID="c03" BEGIN="p104" BETYPE="IDREF"/><area ID="ptr-noteref-235" FILEID="c03" BETYPE="IDREF" BEGIN="noteref-235"/><area ID="ptr-noteref-236" FILEID="c03" BETYPE="IDREF" BEGIN="noteref-236"/><area ID="ptr-noteref-237" FILEID="c03" BETYPE="IDREF" BEGIN="noteref-237"/><area ID="ptr-noteref-238" FILEID="c03" BETYPE="IDREF" BEGIN="noteref-238"/><area ID="ptr-noteref-239" FILEID="c03" BETYPE="IDREF" BEGIN="noteref-239"/><area ID="ptr-noteref-240" FILEID="c03" BETYPE="IDREF" BEGIN="noteref-240"/><area ID="ptr-noteref-241" FILEID="c03" BETYPE="IDREF" BEGIN="noteref-241"/><area ID="ptr-noteref-242" FILEID="c03" BETYPE="IDREF" BEGIN="noteref-242"/><area ID="ptr-noteref-243" FILEID="c03" BETYPE="IDREF" BEGIN="noteref-243"/><area ID="ptr-noteref-244" FILEID="c03" BETYPE="IDREF" BEGIN="noteref-244"/><area ID="ptr-noteref-245" FILEID="c03" BETYPE="IDREF" BEGIN="noteref-245"/><area ID="ptr-noteref-246" FILEID="c03" BETYPE="IDREF" BEGIN="noteref-246"/><area ID="ptr-noteref-247" FILEID="c03" BETYPE="IDREF" BEGIN="noteref-247"/><area ID="ptr-noteref-248" FILEID="c03" BETYPE="IDREF" BEGIN="noteref-248"/><area ID="ptr-noteref-249" FILEID="c03" BETYPE="IDREF" BEGIN="noteref-249"/><area ID="ptr-noteref-250" FILEID="c03" BETYPE="IDREF" BEGIN="noteref-250"/><area ID="ptr-noteref-251" FILEID="c03" BETYPE="IDREF" BEGIN="noteref-251"/><area ID="ptr-noteref-252" FILEID="c03" BETYPE="IDREF" BEGIN="noteref-252"/><area ID="ptr-noteref-253" FILEID="c03" BETYPE="IDREF" BEGIN="noteref-253"/><area ID="ptr-noteref-254" FILEID="c03" BETYPE="IDREF" BEGIN="noteref-254"/><area ID="ptr-noteref-255" FILEID="c03" BETYPE="IDREF" BEGIN="noteref-255"/><area ID="ptr-noteref-256" FILEID="c03" BETYPE="IDREF" BEGIN="noteref-256"/><area ID="ptr-noteref-257" FILEID="c03" BETYPE="IDREF" BEGIN="noteref-257"/><area ID="ptr-noteref-258" FILEID="c03" BETYPE="IDREF" BEGIN="noteref-258"/><area ID="ptr-noteref-259" FILEID="c03" BETYPE="IDREF" BEGIN="noteref-259"/><area ID="ptr-noteref-260" FILEID="c03" BETYPE="IDREF" BEGIN="noteref-260"/><area ID="ptr-noteref-261" FILEID="c03" BETYPE="IDREF" BEGIN="noteref-261"/><area ID="ptr-noteref-262" FILEID="c03" BETYPE="IDREF" BEGIN="noteref-262"/><area ID="ptr-noteref-263" FILEID="c03" BETYPE="IDREF" BEGIN="noteref-263"/><area ID="ptr-noteref-264" FILEID="c03" BETYPE="IDREF" BEGIN="noteref-264"/><area ID="ptr-noteref-265" FILEID="c03" BETYPE="IDREF" BEGIN="noteref-265"/><area ID="ptr-noteref-266" FILEID="c03" BETYPE="IDREF" BEGIN="noteref-266"/><area ID="ptr-noteref-267" FILEID="c03" BETYPE="IDREF" BEGIN="noteref-267"/><area ID="ptr-noteref-268" FILEID="c03" BETYPE="IDREF" BEGIN="noteref-268"/><area ID="ptr-noteref-269" FILEID="c03" BETYPE="IDREF" BEGIN="noteref-269"/><area ID="ptr-noteref-270" FILEID="c03" BETYPE="IDREF" BEGIN="noteref-270"/><area ID="ptr-noteref-271" FILEID="c03" BETYPE="IDREF" BEGIN="noteref-271"/><area ID="ptr-noteref-272" FILEID="c03" BETYPE="IDREF" BEGIN="noteref-272"/><area ID="ptr-noteref-273" FILEID="c03" BETYPE="IDREF" BEGIN="noteref-273"/><area ID="ptr-noteref-274" FILEID="c03" BETYPE="IDREF" BEGIN="noteref-274"/><area ID="ptr-noteref-275" FILEID="c03" BETYPE="IDREF" BEGIN="noteref-275"/><area ID="ptr-noteref-276" FILEID="c03" BETYPE="IDREF" BEGIN="noteref-276"/><area ID="ptr-noteref-277" FILEID="c03" BETYPE="IDREF" BEGIN="noteref-277"/><area ID="ptr-noteref-278" FILEID="c03" BETYPE="IDREF" BEGIN="noteref-278"/><area ID="ptr-noteref-279" FILEID="c03" BETYPE="IDREF" BEGIN="noteref-279"/><area ID="ptr-noteref-280" FILEID="c03" BETYPE="IDREF" BEGIN="noteref-280"/><area ID="ptr-noteref-281" FILEID="c03" BETYPE="IDREF" BEGIN="noteref-281"/><area ID="ptr-noteref-282" FILEID="c03" BETYPE="IDREF" BEGIN="noteref-282"/><area ID="ptr-noteref-283" FILEID="c03" BETYPE="IDREF" BEGIN="noteref-283"/><area ID="ptr-noteref-284" FILEID="c03" BETYPE="IDREF" BEGIN="noteref-284"/><area ID="ptr-noteref-285" FILEID="c03" BETYPE="IDREF" BEGIN="noteref-285"/><area ID="ptr-noteref-286" FILEID="c03" BETYPE="IDREF" BEGIN="noteref-286"/><area ID="ptr-noteref-287" FILEID="c03" BETYPE="IDREF" BEGIN="noteref-287"/><area ID="ptr-noteref-288" FILEID="c03" BETYPE="IDREF" BEGIN="noteref-288"/><area ID="ptr-noteref-289" FILEID="c03" BETYPE="IDREF" BEGIN="noteref-289"/><area ID="ptr-noteref-290" FILEID="c03" BETYPE="IDREF" BEGIN="noteref-290"/><area ID="ptr-noteref-291" FILEID="c03" BETYPE="IDREF" BEGIN="noteref-291"/><area ID="ptr-noteref-292" FILEID="c03" BETYPE="IDREF" BEGIN="noteref-292"/><area ID="ptr-noteref-293" FILEID="c03" BETYPE="IDREF" BEGIN="noteref-293"/><area ID="ptr-noteref-294" FILEID="c03" BETYPE="IDREF" BEGIN="noteref-294"/><area ID="ptr-noteref-295" FILEID="c03" BETYPE="IDREF" BEGIN="noteref-295"/><area ID="ptr-noteref-296" FILEID="c03" BETYPE="IDREF" BEGIN="noteref-296"/><area ID="ptr-noteref-297" FILEID="c03" BETYPE="IDREF" BEGIN="noteref-297"/><area ID="ptr-noteref-298" FILEID="c03" BETYPE="IDREF" BEGIN="noteref-298"/><area ID="ptr-noteref-299" FILEID="c03" BETYPE="IDREF" BEGIN="noteref-299"/><area ID="ptr-noteref-300" FILEID="c03" BETYPE="IDREF" BEGIN="noteref-300"/><area ID="ptr-noteref-301" FILEID="c03" BETYPE="IDREF" BEGIN="noteref-301"/><area ID="ptr-noteref-302" FILEID="c03" BETYPE="IDREF" BEGIN="noteref-302"/><area ID="ptr-noteref-303" FILEID="c03" BETYPE="IDREF" BEGIN="noteref-303"/><area ID="ptr-noteref-304" FILEID="c03" BETYPE="IDREF" BEGIN="noteref-304"/><area ID="ptr-noteref-305" FILEID="c03" BETYPE="IDREF" BEGIN="noteref-305"/><area ID="ptr-noteref-306" FILEID="c03" BETYPE="IDREF" BEGIN="noteref-306"/><area ID="ptr-noteref-307" FILEID="c03" BETYPE="IDREF" BEGIN="noteref-307"/><area ID="ptr-noteref-308" FILEID="c03" BETYPE="IDREF" BEGIN="noteref-308"/><area ID="ptr-noteref-309" FILEID="c03" BETYPE="IDREF" BEGIN="noteref-309"/><area ID="ptr-noteref-310" FILEID="c03" BETYPE="IDREF" BEGIN="noteref-310"/><area ID="ptr-noteref-311" FILEID="c03" BETYPE="IDREF" BEGIN="noteref-311"/><area ID="ptr-noteref-312" FILEID="c03" BETYPE="IDREF" BEGIN="noteref-312"/><area ID="ptr-noteref-313" FILEID="c03" BETYPE="IDREF" BEGIN="noteref-313"/><area ID="ptr-noteref-314" FILEID="c03" BETYPE="IDREF" BEGIN="noteref-314"/><area ID="ptr-noteref-315" FILEID="c03" BETYPE="IDREF" BEGIN="noteref-315"/><area ID="ptr-noteref-316" FILEID="c03" BETYPE="IDREF" BEGIN="noteref-316"/><area ID="ptr-noteref-317" FILEID="c03" BETYPE="IDREF" BEGIN="noteref-317"/><area ID="ptr-noteref-318" FILEID="c03" BETYPE="IDREF" BEGIN="noteref-318"/><area ID="ptr-noteref-319" FILEID="c03" BETYPE="IDREF" BEGIN="noteref-319"/><area ID="ptr-noteref-320" FILEID="c03" BETYPE="IDREF" BEGIN="noteref-320"/><area ID="ptr-noteref-321" FILEID="c03" BETYPE="IDREF" BEGIN="noteref-321"/><area ID="ptr-noteref-322" FILEID="c03" BETYPE="IDREF" BEGIN="noteref-322"/><area ID="ptr-noteref-323" FILEID="c03" BETYPE="IDREF" BEGIN="noteref-323"/><area ID="ptr-noteref-324" FILEID="c03" BETYPE="IDREF" BEGIN="noteref-324"/><area ID="ptr-noteref-325" FILEID="c03" BETYPE="IDREF" BEGIN="noteref-325"/><area ID="ptr-noteref-326" FILEID="c03" BETYPE="IDREF" BEGIN="noteref-326"/><area ID="ptr-noteref-327" FILEID="c03" BETYPE="IDREF" BEGIN="noteref-327"/><area ID="ptr-noteref-328" FILEID="c03" BETYPE="IDREF" BEGIN="noteref-328"/><area ID="ptr-noteref-329" FILEID="c03" BETYPE="IDREF" BEGIN="noteref-329"/><area ID="ptr-noteref-330" FILEID="c03" BETYPE="IDREF" BEGIN="noteref-330"/><area ID="ptr-noteref-331" FILEID="c03" BETYPE="IDREF" BEGIN="noteref-331"/><area ID="ptr-noteref-332" FILEID="c03" BETYPE="IDREF" BEGIN="noteref-332"/><area ID="ptr-noteref-333" FILEID="c03" BETYPE="IDREF" BEGIN="noteref-333"/><area ID="ptr-noteref-334" FILEID="c03" BETYPE="IDREF" BEGIN="noteref-334"/><area ID="ptr-noteref-335" FILEID="c03" BETYPE="IDREF" BEGIN="noteref-335"/><area ID="ptr-noteref-336" FILEID="c03" BETYPE="IDREF" BEGIN="noteref-336"/><area ID="ptr-noteref-337" FILEID="c03" BETYPE="IDREF" BEGIN="noteref-337"/><area ID="ptr-noteref-338" FILEID="c03" BETYPE="IDREF" BEGIN="noteref-338"/><area ID="ptr-noteref-339" FILEID="c03" BETYPE="IDREF" BEGIN="noteref-339"/><area ID="ptr-noteref-340" FILEID="c03" BETYPE="IDREF" BEGIN="noteref-340"/><area ID="ptr-noteref-341" FILEID="c03" BETYPE="IDREF" BEGIN="noteref-341"/><area ID="ptr-noteref-342" FILEID="c03" BETYPE="IDREF" BEGIN="noteref-342"/><area ID="ptr-noteref-343" FILEID="c03" BETYPE="IDREF" BEGIN="noteref-343"/><area ID="ptr-noteref-344" FILEID="c03" BETYPE="IDREF" BEGIN="noteref-344"/><area ID="ptr-noteref-345" FILEID="c03" BETYPE="IDREF" BEGIN="noteref-345"/><area ID="ptr-noteref-346" FILEID="c03" BETYPE="IDREF" BEGIN="noteref-346"/><area ID="ptr-noteref-347" FILEID="c03" BETYPE="IDREF" BEGIN="noteref-347"/><area ID="ptr-noteref-348" FILEID="c03" BETYPE="IDREF" BEGIN="noteref-348"/><area ID="ptr-noteref-349" FILEID="c03" BETYPE="IDREF" BEGIN="noteref-349"/><area ID="ptr-noteref-350" FILEID="c03" BETYPE="IDREF" BEGIN="noteref-350"/><area ID="ptr-noteref-351" FILEID="c03" BETYPE="IDREF" BEGIN="noteref-351"/><area ID="ptr-noteref-352" FILEID="c03" BETYPE="IDREF" BEGIN="noteref-352"/><area ID="ptr-noteref-353" FILEID="c03" BETYPE="IDREF" BEGIN="noteref-353"/><area ID="ptr-noteref-354" FILEID="c03" BETYPE="IDREF" BEGIN="noteref-354"/><area ID="ptr-noteref-355" FILEID="c03" BETYPE="IDREF" BEGIN="noteref-355"/><area ID="ptr-noteref-356" FILEID="c03" BETYPE="IDREF" BEGIN="noteref-356"/><area ID="ptr-noteref-357" FILEID="c03" BETYPE="IDREF" BEGIN="noteref-357"/><area ID="ptr-noteref-358" FILEID="c03" BETYPE="IDREF" BEGIN="noteref-358"/><area ID="ptr-noteref-359" FILEID="c03" BETYPE="IDREF" BEGIN="noteref-359"/><area ID="ptr-noteref-360" FILEID="c03" BETYPE="IDREF" BEGIN="noteref-360"/><area ID="ptr-noteref-361" FILEID="c03" BETYPE="IDREF" BEGIN="noteref-361"/><area ID="ptr-noteref-362" FILEID="c03" BETYPE="IDREF" BEGIN="noteref-362"/><area ID="ptr-noteref-363" FILEID="c03" BETYPE="IDREF" BEGIN="noteref-363"/><area ID="ptr-noteref-364" FILEID="c03" BETYPE="IDREF" BEGIN="noteref-364"/><area ID="ptr-noteref-365" FILEID="c03" BETYPE="IDREF" BEGIN="noteref-365"/><area ID="ptr-noteref-366" FILEID="c03" BETYPE="IDREF" BEGIN="noteref-366"/><area ID="ptr-noteref-367" FILEID="c03" BETYPE="IDREF" BEGIN="noteref-367"/><area ID="ptr-noteref-368" FILEID="c03" BETYPE="IDREF" BEGIN="noteref-368"/><area ID="ptr-noteref-369" FILEID="c03" BETYPE="IDREF" BEGIN="noteref-369"/><area ID="ptr-noteref-370" FILEID="c03" BETYPE="IDREF" BEGIN="noteref-370"/><area ID="ptr-noteref-371" FILEID="c03" BETYPE="IDREF" BEGIN="noteref-371"/><area ID="ptr-noteref-372" FILEID="c03" BETYPE="IDREF" BEGIN="noteref-372"/><area ID="ptr-noteref-373" FILEID="c03" BETYPE="IDREF" BEGIN="noteref-373"/><area ID="ptr-noteref-374" FILEID="c03" BETYPE="IDREF" BEGIN="noteref-374"/><area ID="ptr-noteref-375" FILEID="c03" BETYPE="IDREF" BEGIN="noteref-375"/><area ID="ptr-noteref-376" FILEID="c03" BETYPE="IDREF" BEGIN="noteref-376"/></fptr></div><div TYPE="section" LABEL="The Uninhibited Voice of the Poor"><fptr FILEID="c04"><area ID="page-105" FILEID="c04" BEGIN="p105" BETYPE="IDREF" END="p106"/><area ID="page-106" FILEID="c04" BEGIN="p106" BETYPE="IDREF" END="p107"/><area ID="page-107" FILEID="c04" BEGIN="p107" BETYPE="IDREF" END="p108"/><area ID="page-108" FILEID="c04" BEGIN="p108" BETYPE="IDREF" END="p109"/><area ID="page-109" FILEID="c04" BEGIN="p109" BETYPE="IDREF" END="p110"/><area ID="page-110" FILEID="c04" BEGIN="p110" BETYPE="IDREF" END="p111"/><area ID="page-111" FILEID="c04" BEGIN="p111" BETYPE="IDREF" END="p112"/><area ID="page-112" FILEID="c04" BEGIN="p112" BETYPE="IDREF" END="p113"/><area ID="page-113" FILEID="c04" BEGIN="p113" BETYPE="IDREF" END="p114"/><area ID="page-114" FILEID="c04" BEGIN="p114" BETYPE="IDREF" END="p115"/><area ID="page-115" FILEID="c04" BEGIN="p115" BETYPE="IDREF" END="p116"/><area ID="page-116" FILEID="c04" BEGIN="p116" BETYPE="IDREF" END="p117"/><area ID="page-117" FILEID="c04" BEGIN="p117" BETYPE="IDREF" END="p118"/><area ID="page-118" FILEID="c04" BEGIN="p118" BETYPE="IDREF" END="p119"/><area ID="page-119" FILEID="c04" BEGIN="p119" BETYPE="IDREF" END="p120"/><area ID="page-120" FILEID="c04" BEGIN="p120" BETYPE="IDREF" END="p121"/><area ID="page-121" FILEID="c04" BEGIN="p121" BETYPE="IDREF" END="p122"/><area ID="page-122" FILEID="c04" BEGIN="p122" BETYPE="IDREF" END="p123"/><area ID="page-123" FILEID="c04" BEGIN="p123" BETYPE="IDREF" END="p124"/><area ID="page-124" FILEID="c04" BEGIN="p124" BETYPE="IDREF" END="p125"/><area ID="page-125" FILEID="c04" BEGIN="p125" BETYPE="IDREF" END="p126"/><area ID="page-126" FILEID="c04" BEGIN="p126" BETYPE="IDREF" END="p127"/><area ID="page-127" FILEID="c04" BEGIN="p127" BETYPE="IDREF" END="p128"/><area ID="page-128" FILEID="c04" BEGIN="p128" BETYPE="IDREF" END="p129"/><area ID="page-129" FILEID="c04" BEGIN="p129" BETYPE="IDREF" END="p130"/><area ID="page-130" FILEID="c04" BEGIN="p130" BETYPE="IDREF" END="p131"/><area ID="page-131" FILEID="c04" BEGIN="p131" BETYPE="IDREF" END="p132"/><area ID="page-132" FILEID="c04" BEGIN="p132" BETYPE="IDREF" END="p133"/><area ID="page-133" FILEID="c04" BEGIN="p133" BETYPE="IDREF" END="p134"/><area ID="page-134" FILEID="c04" BEGIN="p134" BETYPE="IDREF" END="p135"/><area ID="page-135" FILEID="c04" BEGIN="p135" BETYPE="IDREF" END="p136"/><area ID="page-136" FILEID="c04" BEGIN="p136" BETYPE="IDREF" END="p137"/><area ID="page-137" FILEID="c04" BEGIN="p137" BETYPE="IDREF"/><area ID="ptr-noteref-377" FILEID="c04" BETYPE="IDREF" BEGIN="noteref-377"/><area ID="ptr-noteref-378" FILEID="c04" BETYPE="IDREF" BEGIN="noteref-378"/><area ID="ptr-noteref-379" FILEID="c04" BETYPE="IDREF" BEGIN="noteref-379"/><area ID="ptr-noteref-380" FILEID="c04" BETYPE="IDREF" BEGIN="noteref-380"/><area ID="ptr-noteref-381" FILEID="c04" BETYPE="IDREF" BEGIN="noteref-381"/><area ID="ptr-noteref-382" FILEID="c04" BETYPE="IDREF" BEGIN="noteref-382"/><area ID="ptr-noteref-383" FILEID="c04" BETYPE="IDREF" BEGIN="noteref-383"/><area ID="ptr-noteref-384" FILEID="c04" BETYPE="IDREF" BEGIN="noteref-384"/><area ID="ptr-noteref-385" FILEID="c04" BETYPE="IDREF" BEGIN="noteref-385"/><area ID="ptr-noteref-386" FILEID="c04" BETYPE="IDREF" BEGIN="noteref-386"/><area ID="ptr-noteref-387" FILEID="c04" BETYPE="IDREF" BEGIN="noteref-387"/><area ID="ptr-noteref-388" FILEID="c04" BETYPE="IDREF" BEGIN="noteref-388"/><area ID="ptr-noteref-389" FILEID="c04" BETYPE="IDREF" BEGIN="noteref-389"/><area ID="ptr-noteref-390" FILEID="c04" BETYPE="IDREF" BEGIN="noteref-390"/><area ID="ptr-noteref-391" FILEID="c04" BETYPE="IDREF" BEGIN="noteref-391"/><area ID="ptr-noteref-392" FILEID="c04" BETYPE="IDREF" BEGIN="noteref-392"/><area ID="ptr-noteref-393" FILEID="c04" BETYPE="IDREF" BEGIN="noteref-393"/><area ID="ptr-noteref-394" FILEID="c04" BETYPE="IDREF" BEGIN="noteref-394"/><area ID="ptr-noteref-395" FILEID="c04" BETYPE="IDREF" BEGIN="noteref-395"/><area ID="ptr-noteref-396" FILEID="c04" BETYPE="IDREF" BEGIN="noteref-396"/><area ID="ptr-noteref-397" FILEID="c04" BETYPE="IDREF" BEGIN="noteref-397"/><area ID="ptr-noteref-398" FILEID="c04" BETYPE="IDREF" BEGIN="noteref-398"/><area ID="ptr-noteref-399" FILEID="c04" BETYPE="IDREF" BEGIN="noteref-399"/><area ID="ptr-noteref-400" FILEID="c04" BETYPE="IDREF" BEGIN="noteref-400"/><area ID="ptr-noteref-401" FILEID="c04" BETYPE="IDREF" BEGIN="noteref-401"/><area ID="ptr-noteref-402" FILEID="c04" BETYPE="IDREF" BEGIN="noteref-402"/><area ID="ptr-noteref-403" FILEID="c04" BETYPE="IDREF" BEGIN="noteref-403"/><area ID="ptr-noteref-404" FILEID="c04" BETYPE="IDREF" BEGIN="noteref-404"/><area ID="ptr-noteref-405" FILEID="c04" BETYPE="IDREF" BEGIN="noteref-405"/><area ID="ptr-noteref-406" FILEID="c04" BETYPE="IDREF" BEGIN="noteref-406"/><area ID="ptr-noteref-407" FILEID="c04" BETYPE="IDREF" BEGIN="noteref-407"/><area ID="ptr-noteref-408" FILEID="c04" BETYPE="IDREF" BEGIN="noteref-408"/><area ID="ptr-noteref-409" FILEID="c04" BETYPE="IDREF" BEGIN="noteref-409"/><area ID="ptr-noteref-410" FILEID="c04" BETYPE="IDREF" BEGIN="noteref-410"/><area ID="ptr-noteref-411" FILEID="c04" BETYPE="IDREF" BEGIN="noteref-411"/><area ID="ptr-noteref-412" FILEID="c04" BETYPE="IDREF" BEGIN="noteref-412"/><area ID="ptr-noteref-413" FILEID="c04" BETYPE="IDREF" BEGIN="noteref-413"/><area ID="ptr-noteref-414" FILEID="c04" BETYPE="IDREF" BEGIN="noteref-414"/><area ID="ptr-noteref-415" FILEID="c04" BETYPE="IDREF" BEGIN="noteref-415"/><area ID="ptr-noteref-416" FILEID="c04" BETYPE="IDREF" BEGIN="noteref-416"/><area ID="ptr-noteref-417" FILEID="c04" BETYPE="IDREF" BEGIN="noteref-417"/><area ID="ptr-noteref-418" FILEID="c04" BETYPE="IDREF" BEGIN="noteref-418"/><area ID="ptr-noteref-419" FILEID="c04" BETYPE="IDREF" BEGIN="noteref-419"/><area ID="ptr-noteref-420" FILEID="c04" BETYPE="IDREF" BEGIN="noteref-420"/><area ID="ptr-noteref-421" FILEID="c04" BETYPE="IDREF" BEGIN="noteref-421"/><area ID="ptr-noteref-422" FILEID="c04" BETYPE="IDREF" BEGIN="noteref-422"/><area ID="ptr-noteref-423" FILEID="c04" BETYPE="IDREF" BEGIN="noteref-423"/><area ID="ptr-noteref-424" FILEID="c04" BETYPE="IDREF" BEGIN="noteref-424"/><area ID="ptr-noteref-425" FILEID="c04" BETYPE="IDREF" BEGIN="noteref-425"/><area ID="ptr-noteref-426" FILEID="c04" BETYPE="IDREF" BEGIN="noteref-426"/><area ID="ptr-noteref-427" FILEID="c04" BETYPE="IDREF" BEGIN="noteref-427"/><area ID="ptr-noteref-428" FILEID="c04" BETYPE="IDREF" BEGIN="noteref-428"/><area ID="ptr-noteref-429" FILEID="c04" BETYPE="IDREF" BEGIN="noteref-429"/><area ID="ptr-noteref-430" FILEID="c04" BETYPE="IDREF" BEGIN="noteref-430"/><area ID="ptr-noteref-431" FILEID="c04" BETYPE="IDREF" BEGIN="noteref-431"/><area ID="ptr-noteref-432" FILEID="c04" BETYPE="IDREF" BEGIN="noteref-432"/><area ID="ptr-noteref-433" FILEID="c04" BETYPE="IDREF" BEGIN="noteref-433"/><area ID="ptr-noteref-434" FILEID="c04" BETYPE="IDREF" BEGIN="noteref-434"/><area ID="ptr-noteref-435" FILEID="c04" BETYPE="IDREF" BEGIN="noteref-435"/><area ID="ptr-noteref-436" FILEID="c04" BETYPE="IDREF" BEGIN="noteref-436"/><area ID="ptr-noteref-437" FILEID="c04" BETYPE="IDREF" BEGIN="noteref-437"/><area ID="ptr-noteref-438" FILEID="c04" BETYPE="IDREF" BEGIN="noteref-438"/><area ID="ptr-noteref-439" FILEID="c04" BETYPE="IDREF" BEGIN="noteref-439"/><area ID="ptr-noteref-440" FILEID="c04" BETYPE="IDREF" BEGIN="noteref-440"/><area ID="ptr-noteref-441" FILEID="c04" BETYPE="IDREF" BEGIN="noteref-441"/><area ID="ptr-noteref-442" FILEID="c04" BETYPE="IDREF" BEGIN="noteref-442"/><area ID="ptr-noteref-443" FILEID="c04" BETYPE="IDREF" BEGIN="noteref-443"/><area ID="ptr-noteref-444" FILEID="c04" BETYPE="IDREF" BEGIN="noteref-444"/><area ID="ptr-noteref-445" FILEID="c04" BETYPE="IDREF" BEGIN="noteref-445"/><area ID="ptr-noteref-446" FILEID="c04" BETYPE="IDREF" BEGIN="noteref-446"/><area ID="ptr-noteref-447" FILEID="c04" BETYPE="IDREF" BEGIN="noteref-447"/><area ID="ptr-noteref-448" FILEID="c04" BETYPE="IDREF" BEGIN="noteref-448"/><area ID="ptr-noteref-449" FILEID="c04" BETYPE="IDREF" BEGIN="noteref-449"/><area ID="ptr-noteref-450" FILEID="c04" BETYPE="IDREF" BEGIN="noteref-450"/><area ID="ptr-noteref-451" FILEID="c04" BETYPE="IDREF" BEGIN="noteref-451"/><area ID="ptr-noteref-452" FILEID="c04" BETYPE="IDREF" BEGIN="noteref-452"/><area ID="ptr-noteref-453" FILEID="c04" BETYPE="IDREF" BEGIN="noteref-453"/><area ID="ptr-noteref-454" FILEID="c04" BETYPE="IDREF" BEGIN="noteref-454"/><area ID="ptr-noteref-455" FILEID="c04" BETYPE="IDREF" BEGIN="noteref-455"/><area ID="ptr-noteref-456" FILEID="c04" BETYPE="IDREF" BEGIN="noteref-456"/><area ID="ptr-noteref-457" FILEID="c04" BETYPE="IDREF" BEGIN="noteref-457"/><area ID="ptr-noteref-458" FILEID="c04" BETYPE="IDREF" BEGIN="noteref-458"/><area ID="ptr-noteref-459" FILEID="c04" BETYPE="IDREF" BEGIN="noteref-459"/><area ID="ptr-noteref-460" FILEID="c04" BETYPE="IDREF" BEGIN="noteref-460"/><area ID="ptr-noteref-461" FILEID="c04" BETYPE="IDREF" BEGIN="noteref-461"/><area ID="ptr-noteref-462" FILEID="c04" BETYPE="IDREF" BEGIN="noteref-462"/><area ID="ptr-noteref-463" FILEID="c04" BETYPE="IDREF" BEGIN="noteref-463"/><area ID="ptr-noteref-464" FILEID="c04" BETYPE="IDREF" BEGIN="noteref-464"/><area ID="ptr-noteref-465" FILEID="c04" BETYPE="IDREF" BEGIN="noteref-465"/><area ID="ptr-noteref-466" FILEID="c04" BETYPE="IDREF" BEGIN="noteref-466"/></fptr></div><div TYPE="section" LABEL="Someday, . . . the Colored and White Will Stand Together"><fptr FILEID="c05"><area ID="page-138" FILEID="c05" BEGIN="p138" BETYPE="IDREF" END="p139"/><area ID="page-139" FILEID="c05" BEGIN="p139" BETYPE="IDREF" END="p140"/><area ID="page-140" FILEID="c05" BEGIN="p140" BETYPE="IDREF" END="p141"/><area ID="page-141" FILEID="c05" BEGIN="p141" BETYPE="IDREF" END="p142"/><area ID="page-142" FILEID="c05" BEGIN="p142" BETYPE="IDREF" END="p143"/><area ID="page-143" FILEID="c05" BEGIN="p143" BETYPE="IDREF" END="p144"/><area ID="page-144" FILEID="c05" BEGIN="p144" BETYPE="IDREF" END="p145"/><area ID="page-145" FILEID="c05" BEGIN="p145" BETYPE="IDREF" END="p146"/><area ID="page-146" FILEID="c05" BEGIN="p146" BETYPE="IDREF" END="p147"/><area ID="page-147" FILEID="c05" BEGIN="p147" BETYPE="IDREF" END="p148"/><area ID="page-148" FILEID="c05" BEGIN="p148" BETYPE="IDREF" END="p149"/><area ID="page-149" FILEID="c05" BEGIN="p149" BETYPE="IDREF" END="p150"/><area ID="page-150" FILEID="c05" BEGIN="p150" BETYPE="IDREF" END="p151"/><area ID="page-151" FILEID="c05" BEGIN="p151" BETYPE="IDREF" END="p152"/><area ID="page-152" FILEID="c05" BEGIN="p152" BETYPE="IDREF" END="p153"/><area ID="page-153" FILEID="c05" BEGIN="p153" BETYPE="IDREF" END="p154"/><area ID="page-154" FILEID="c05" BEGIN="p154" BETYPE="IDREF" END="p155"/><area ID="page-155" FILEID="c05" BEGIN="p155" BETYPE="IDREF" END="p156"/><area ID="page-156" FILEID="c05" BEGIN="p156" BETYPE="IDREF" END="p157"/><area ID="page-157" FILEID="c05" BEGIN="p157" BETYPE="IDREF" END="p158"/><area ID="page-158" FILEID="c05" BEGIN="p158" BETYPE="IDREF" END="p159"/><area ID="page-159" FILEID="c05" BEGIN="p159" BETYPE="IDREF" END="p160"/><area ID="page-160" FILEID="c05" BEGIN="p160" BETYPE="IDREF" END="p161"/><area ID="page-161" FILEID="c05" BEGIN="p161" BETYPE="IDREF" END="p162"/><area ID="page-162" FILEID="c05" BEGIN="p162" BETYPE="IDREF" END="p163"/><area ID="page-163" FILEID="c05" BEGIN="p163" BETYPE="IDREF" END="p164"/><area ID="page-164" FILEID="c05" BEGIN="p164" BETYPE="IDREF"/><area ID="ptr-noteref-467" FILEID="c05" BETYPE="IDREF" BEGIN="noteref-467"/><area ID="ptr-noteref-468" FILEID="c05" BETYPE="IDREF" BEGIN="noteref-468"/><area ID="ptr-noteref-469" FILEID="c05" BETYPE="IDREF" BEGIN="noteref-469"/><area ID="ptr-noteref-470" FILEID="c05" BETYPE="IDREF" BEGIN="noteref-470"/><area ID="ptr-noteref-471" FILEID="c05" BETYPE="IDREF" BEGIN="noteref-471"/><area ID="ptr-noteref-472" FILEID="c05" BETYPE="IDREF" BEGIN="noteref-472"/><area ID="ptr-noteref-473" FILEID="c05" BETYPE="IDREF" BEGIN="noteref-473"/><area ID="ptr-noteref-474" FILEID="c05" BETYPE="IDREF" BEGIN="noteref-474"/><area ID="ptr-noteref-475" FILEID="c05" BETYPE="IDREF" BEGIN="noteref-475"/><area ID="ptr-noteref-476" FILEID="c05" BETYPE="IDREF" BEGIN="noteref-476"/><area ID="ptr-noteref-477" FILEID="c05" BETYPE="IDREF" BEGIN="noteref-477"/><area ID="ptr-noteref-478" FILEID="c05" BETYPE="IDREF" BEGIN="noteref-478"/><area ID="ptr-noteref-479" FILEID="c05" BETYPE="IDREF" BEGIN="noteref-479"/><area ID="ptr-noteref-480" FILEID="c05" BETYPE="IDREF" BEGIN="noteref-480"/><area ID="ptr-noteref-481" FILEID="c05" BETYPE="IDREF" BEGIN="noteref-481"/><area ID="ptr-noteref-482" FILEID="c05" BETYPE="IDREF" BEGIN="noteref-482"/><area ID="ptr-noteref-483" FILEID="c05" BETYPE="IDREF" BEGIN="noteref-483"/><area ID="ptr-noteref-484" FILEID="c05" BETYPE="IDREF" BEGIN="noteref-484"/><area ID="ptr-noteref-485" FILEID="c05" BETYPE="IDREF" BEGIN="noteref-485"/><area ID="ptr-noteref-486" FILEID="c05" BETYPE="IDREF" BEGIN="noteref-486"/><area ID="ptr-noteref-487" FILEID="c05" BETYPE="IDREF" BEGIN="noteref-487"/><area ID="ptr-noteref-488" FILEID="c05" BETYPE="IDREF" BEGIN="noteref-488"/><area ID="ptr-noteref-489" FILEID="c05" BETYPE="IDREF" BEGIN="noteref-489"/><area ID="ptr-noteref-490" FILEID="c05" BETYPE="IDREF" BEGIN="noteref-490"/><area ID="ptr-noteref-491" FILEID="c05" BETYPE="IDREF" BEGIN="noteref-491"/><area ID="ptr-noteref-492" FILEID="c05" BETYPE="IDREF" BEGIN="noteref-492"/><area ID="ptr-noteref-493" FILEID="c05" BETYPE="IDREF" BEGIN="noteref-493"/><area ID="ptr-noteref-494" FILEID="c05" BETYPE="IDREF" BEGIN="noteref-494"/><area ID="ptr-noteref-495" FILEID="c05" BETYPE="IDREF" BEGIN="noteref-495"/><area ID="ptr-noteref-496" FILEID="c05" BETYPE="IDREF" BEGIN="noteref-496"/><area ID="ptr-noteref-497" FILEID="c05" BETYPE="IDREF" BEGIN="noteref-497"/><area ID="ptr-noteref-498" FILEID="c05" BETYPE="IDREF" BEGIN="noteref-498"/><area ID="ptr-noteref-499" FILEID="c05" BETYPE="IDREF" BEGIN="noteref-499"/><area ID="ptr-noteref-500" FILEID="c05" BETYPE="IDREF" BEGIN="noteref-500"/><area ID="ptr-noteref-501" FILEID="c05" BETYPE="IDREF" BEGIN="noteref-501"/><area ID="ptr-noteref-502" FILEID="c05" BETYPE="IDREF" BEGIN="noteref-502"/><area ID="ptr-noteref-503" FILEID="c05" BETYPE="IDREF" BEGIN="noteref-503"/><area ID="ptr-noteref-504" FILEID="c05" BETYPE="IDREF" BEGIN="noteref-504"/><area ID="ptr-noteref-505" FILEID="c05" BETYPE="IDREF" BEGIN="noteref-505"/><area ID="ptr-noteref-506" FILEID="c05" BETYPE="IDREF" BEGIN="noteref-506"/><area ID="ptr-noteref-507" FILEID="c05" BETYPE="IDREF" BEGIN="noteref-507"/><area ID="ptr-noteref-508" FILEID="c05" BETYPE="IDREF" BEGIN="noteref-508"/><area ID="ptr-noteref-509" FILEID="c05" BETYPE="IDREF" BEGIN="noteref-509"/><area ID="ptr-noteref-510" FILEID="c05" BETYPE="IDREF" BEGIN="noteref-510"/><area ID="ptr-noteref-511" FILEID="c05" BETYPE="IDREF" BEGIN="noteref-511"/><area ID="ptr-noteref-512" FILEID="c05" BETYPE="IDREF" BEGIN="noteref-512"/><area ID="ptr-noteref-513" FILEID="c05" BETYPE="IDREF" BEGIN="noteref-513"/><area ID="ptr-noteref-514" FILEID="c05" BETYPE="IDREF" BEGIN="noteref-514"/><area ID="ptr-noteref-515" FILEID="c05" BETYPE="IDREF" BEGIN="noteref-515"/><area ID="ptr-noteref-516" FILEID="c05" BETYPE="IDREF" BEGIN="noteref-516"/><area ID="ptr-noteref-517" FILEID="c05" BETYPE="IDREF" BEGIN="noteref-517"/><area ID="ptr-noteref-518" FILEID="c05" BETYPE="IDREF" BEGIN="noteref-518"/><area ID="ptr-noteref-519" FILEID="c05" BETYPE="IDREF" BEGIN="noteref-519"/><area ID="ptr-noteref-520" FILEID="c05" BETYPE="IDREF" BEGIN="noteref-520"/><area ID="ptr-noteref-521" FILEID="c05" BETYPE="IDREF" BEGIN="noteref-521"/><area ID="ptr-noteref-522" FILEID="c05" BETYPE="IDREF" BEGIN="noteref-522"/><area ID="ptr-noteref-523" FILEID="c05" BETYPE="IDREF" BEGIN="noteref-523"/><area ID="ptr-noteref-524" FILEID="c05" BETYPE="IDREF" BEGIN="noteref-524"/><area ID="ptr-noteref-525" FILEID="c05" BETYPE="IDREF" BEGIN="noteref-525"/><area ID="ptr-noteref-526" FILEID="c05" BETYPE="IDREF" BEGIN="noteref-526"/><area ID="ptr-noteref-527" FILEID="c05" BETYPE="IDREF" BEGIN="noteref-527"/><area ID="ptr-noteref-528" FILEID="c05" BETYPE="IDREF" BEGIN="noteref-528"/><area ID="ptr-noteref-529" FILEID="c05" BETYPE="IDREF" BEGIN="noteref-529"/><area ID="ptr-noteref-530" FILEID="c05" BETYPE="IDREF" BEGIN="noteref-530"/><area ID="ptr-noteref-531" FILEID="c05" BETYPE="IDREF" BEGIN="noteref-531"/><area ID="ptr-noteref-532" FILEID="c05" BETYPE="IDREF" BEGIN="noteref-532"/><area ID="ptr-noteref-533" FILEID="c05" BETYPE="IDREF" BEGIN="noteref-533"/><area ID="ptr-noteref-534" FILEID="c05" BETYPE="IDREF" BEGIN="noteref-534"/><area ID="ptr-noteref-535" FILEID="c05" BETYPE="IDREF" BEGIN="noteref-535"/><area ID="ptr-noteref-536" FILEID="c05" BETYPE="IDREF" BEGIN="noteref-536"/><area ID="ptr-noteref-537" FILEID="c05" BETYPE="IDREF" BEGIN="noteref-537"/><area ID="ptr-noteref-538" FILEID="c05" BETYPE="IDREF" BEGIN="noteref-538"/><area ID="ptr-noteref-539" FILEID="c05" BETYPE="IDREF" BEGIN="noteref-539"/><area ID="ptr-noteref-540" FILEID="c05" BETYPE="IDREF" BEGIN="noteref-540"/><area ID="ptr-noteref-541" FILEID="c05" BETYPE="IDREF" BEGIN="noteref-541"/><area ID="ptr-noteref-542" FILEID="c05" BETYPE="IDREF" BEGIN="noteref-542"/><area ID="ptr-noteref-543" FILEID="c05" BETYPE="IDREF" BEGIN="noteref-543"/><area ID="ptr-noteref-544" FILEID="c05" BETYPE="IDREF" BEGIN="noteref-544"/><area ID="ptr-noteref-545" FILEID="c05" BETYPE="IDREF" BEGIN="noteref-545"/><area ID="ptr-noteref-546" FILEID="c05" BETYPE="IDREF" BEGIN="noteref-546"/><area ID="ptr-noteref-547" FILEID="c05" BETYPE="IDREF" BEGIN="noteref-547"/><area ID="ptr-noteref-548" FILEID="c05" BETYPE="IDREF" BEGIN="noteref-548"/></fptr></div><div TYPE="section" LABEL="I Can’t Catch Everybody, but I Can Try Black Power"><fptr FILEID="c06"><area ID="page-165" FILEID="c06" BEGIN="p165" BETYPE="IDREF" END="p166"/><area ID="page-166" FILEID="c06" BEGIN="p166" BETYPE="IDREF" END="p167"/><area ID="page-167" FILEID="c06" BEGIN="p167" BETYPE="IDREF" END="p168"/><area ID="page-168" FILEID="c06" BEGIN="p168" BETYPE="IDREF" END="p169"/><area ID="page-169" FILEID="c06" BEGIN="p169" BETYPE="IDREF" END="p170"/><area ID="page-170" FILEID="c06" BEGIN="p170" BETYPE="IDREF" END="p171"/><area ID="page-171" FILEID="c06" BEGIN="p171" BETYPE="IDREF" END="p172"/><area ID="page-172" FILEID="c06" BEGIN="p172" BETYPE="IDREF" END="p173"/><area ID="page-173" FILEID="c06" BEGIN="p173" BETYPE="IDREF" END="p174"/><area ID="page-174" FILEID="c06" BEGIN="p174" BETYPE="IDREF" END="p175"/><area ID="page-175" FILEID="c06" BEGIN="p175" BETYPE="IDREF" END="p176"/><area ID="page-176" FILEID="c06" BEGIN="p176" BETYPE="IDREF" END="p177"/><area ID="page-177" FILEID="c06" BEGIN="p177" BETYPE="IDREF" END="p178"/><area ID="page-178" FILEID="c06" BEGIN="p178" BETYPE="IDREF" END="p179"/><area ID="page-179" FILEID="c06" BEGIN="p179" BETYPE="IDREF" END="p180"/><area ID="page-180" FILEID="c06" BEGIN="p180" BETYPE="IDREF" END="p181"/><area ID="page-181" FILEID="c06" BEGIN="p181" BETYPE="IDREF" END="p182"/><area ID="page-182" FILEID="c06" BEGIN="p182" BETYPE="IDREF" END="p183"/><area ID="page-183" FILEID="c06" BEGIN="p183" BETYPE="IDREF" END="p184"/><area ID="page-184" FILEID="c06" BEGIN="p184" BETYPE="IDREF" END="p185"/><area ID="page-185" FILEID="c06" BEGIN="p185" BETYPE="IDREF" END="p186"/><area ID="page-186" FILEID="c06" BEGIN="p186" BETYPE="IDREF" END="p187"/><area ID="page-187" FILEID="c06" BEGIN="p187" BETYPE="IDREF" END="p188"/><area ID="page-188" FILEID="c06" BEGIN="p188" BETYPE="IDREF" END="p189"/><area ID="page-189" FILEID="c06" BEGIN="p189" BETYPE="IDREF" END="p190"/><area ID="page-190" FILEID="c06" BEGIN="p190" BETYPE="IDREF" END="p191"/><area ID="page-191" FILEID="c06" BEGIN="p191" BETYPE="IDREF" END="p192"/><area ID="page-192" FILEID="c06" BEGIN="p192" BETYPE="IDREF" END="p193"/><area ID="page-193" FILEID="c06" BEGIN="p193" BETYPE="IDREF" END="p194"/><area ID="page-194" FILEID="c06" BEGIN="p194" BETYPE="IDREF" END="p195"/><area ID="page-195" FILEID="c06" BEGIN="p195" BETYPE="IDREF" END="p196"/><area ID="page-196" FILEID="c06" BEGIN="p196" BETYPE="IDREF" END="p197"/><area ID="page-197" FILEID="c06" BEGIN="p197" BETYPE="IDREF" END="p198"/><area ID="page-198" FILEID="c06" BEGIN="p198" BETYPE="IDREF" END="p199"/><area ID="page-199" FILEID="c06" BEGIN="p199" BETYPE="IDREF" END="p200"/><area ID="page-200" FILEID="c06" BEGIN="p200" BETYPE="IDREF" END="p201"/><area ID="page-201" FILEID="c06" BEGIN="p201" BETYPE="IDREF" END="p202"/><area ID="page-202" FILEID="c06" BEGIN="p202" BETYPE="IDREF" END="p203"/><area ID="page-203" FILEID="c06" BEGIN="p203" BETYPE="IDREF" END="p204"/><area ID="page-204" FILEID="c06" BEGIN="p204" BETYPE="IDREF" END="p205"/><area ID="page-205" FILEID="c06" BEGIN="p205" BETYPE="IDREF" END="p206"/><area ID="page-206" FILEID="c06" BEGIN="p206" BETYPE="IDREF" END="p207"/><area ID="page-207" FILEID="c06" BEGIN="p207" BETYPE="IDREF" END="p208"/><area ID="page-208" FILEID="c06" BEGIN="p208" BETYPE="IDREF" END="p209"/><area ID="page-209" FILEID="c06" BEGIN="p209" BETYPE="IDREF" END="p210"/><area ID="page-210" FILEID="c06" BEGIN="p210" BETYPE="IDREF" END="p211"/><area ID="page-211" FILEID="c06" BEGIN="p211" BETYPE="IDREF" END="p212"/><area ID="page-212" FILEID="c06" BEGIN="p212" BETYPE="IDREF" END="p213"/><area ID="page-213" FILEID="c06" BEGIN="p213" BETYPE="IDREF" END="p214"/><area ID="page-214" FILEID="c06" BEGIN="p214" BETYPE="IDREF" END="p215"/><area ID="page-215" FILEID="c06" BEGIN="p215" BETYPE="IDREF" END="p216"/><area ID="page-216" FILEID="c06" BEGIN="p216" BETYPE="IDREF" END="p217"/><area ID="page-217" FILEID="c06" BEGIN="p217" BETYPE="IDREF"/><area ID="ptr-noteref-549" FILEID="c06" BETYPE="IDREF" BEGIN="noteref-549"/><area ID="ptr-noteref-550" FILEID="c06" BETYPE="IDREF" BEGIN="noteref-550"/><area ID="ptr-noteref-551" FILEID="c06" BETYPE="IDREF" BEGIN="noteref-551"/><area ID="ptr-noteref-552" FILEID="c06" BETYPE="IDREF" BEGIN="noteref-552"/><area ID="ptr-noteref-553" FILEID="c06" BETYPE="IDREF" BEGIN="noteref-553"/><area ID="ptr-noteref-554" FILEID="c06" BETYPE="IDREF" BEGIN="noteref-554"/><area ID="ptr-noteref-555" FILEID="c06" BETYPE="IDREF" BEGIN="noteref-555"/><area ID="ptr-noteref-556" FILEID="c06" BETYPE="IDREF" BEGIN="noteref-556"/><area ID="ptr-noteref-557" FILEID="c06" BETYPE="IDREF" BEGIN="noteref-557"/><area ID="ptr-noteref-558" FILEID="c06" BETYPE="IDREF" BEGIN="noteref-558"/><area ID="ptr-noteref-559" FILEID="c06" BETYPE="IDREF" BEGIN="noteref-559"/><area ID="ptr-noteref-560" FILEID="c06" BETYPE="IDREF" BEGIN="noteref-560"/><area ID="ptr-noteref-561" FILEID="c06" BETYPE="IDREF" BEGIN="noteref-561"/><area ID="ptr-noteref-562" FILEID="c06" BETYPE="IDREF" BEGIN="noteref-562"/><area ID="ptr-noteref-563" FILEID="c06" BETYPE="IDREF" BEGIN="noteref-563"/><area ID="ptr-noteref-564" FILEID="c06" BETYPE="IDREF" BEGIN="noteref-564"/><area ID="ptr-noteref-565" FILEID="c06" BETYPE="IDREF" BEGIN="noteref-565"/><area ID="ptr-noteref-566" FILEID="c06" BETYPE="IDREF" BEGIN="noteref-566"/><area ID="ptr-noteref-567" FILEID="c06" BETYPE="IDREF" BEGIN="noteref-567"/><area ID="ptr-noteref-568" FILEID="c06" BETYPE="IDREF" BEGIN="noteref-568"/><area ID="ptr-noteref-569" FILEID="c06" BETYPE="IDREF" BEGIN="noteref-569"/><area ID="ptr-noteref-570" FILEID="c06" BETYPE="IDREF" BEGIN="noteref-570"/><area ID="ptr-noteref-571" FILEID="c06" BETYPE="IDREF" BEGIN="noteref-571"/><area ID="ptr-noteref-572" FILEID="c06" BETYPE="IDREF" BEGIN="noteref-572"/><area ID="ptr-noteref-573" FILEID="c06" BETYPE="IDREF" BEGIN="noteref-573"/><area ID="ptr-noteref-574" FILEID="c06" BETYPE="IDREF" BEGIN="noteref-574"/><area ID="ptr-noteref-575" FILEID="c06" BETYPE="IDREF" BEGIN="noteref-575"/><area ID="ptr-noteref-576" FILEID="c06" BETYPE="IDREF" BEGIN="noteref-576"/><area ID="ptr-noteref-577" FILEID="c06" BETYPE="IDREF" BEGIN="noteref-577"/><area ID="ptr-noteref-578" FILEID="c06" BETYPE="IDREF" BEGIN="noteref-578"/><area ID="ptr-noteref-579" FILEID="c06" BETYPE="IDREF" BEGIN="noteref-579"/><area ID="ptr-noteref-580" FILEID="c06" BETYPE="IDREF" BEGIN="noteref-580"/><area ID="ptr-noteref-581" FILEID="c06" BETYPE="IDREF" BEGIN="noteref-581"/><area ID="ptr-noteref-582" FILEID="c06" BETYPE="IDREF" BEGIN="noteref-582"/><area ID="ptr-noteref-583" FILEID="c06" BETYPE="IDREF" BEGIN="noteref-583"/><area ID="ptr-noteref-584" FILEID="c06" BETYPE="IDREF" BEGIN="noteref-584"/><area ID="ptr-noteref-585" FILEID="c06" BETYPE="IDREF" BEGIN="noteref-585"/><area ID="ptr-noteref-586" FILEID="c06" BETYPE="IDREF" BEGIN="noteref-586"/><area ID="ptr-noteref-587" FILEID="c06" BETYPE="IDREF" BEGIN="noteref-587"/><area ID="ptr-noteref-588" FILEID="c06" BETYPE="IDREF" BEGIN="noteref-588"/><area ID="ptr-noteref-589" FILEID="c06" BETYPE="IDREF" BEGIN="noteref-589"/><area ID="ptr-noteref-590" FILEID="c06" BETYPE="IDREF" BEGIN="noteref-590"/><area ID="ptr-noteref-591" FILEID="c06" BETYPE="IDREF" BEGIN="noteref-591"/><area ID="ptr-noteref-592" FILEID="c06" BETYPE="IDREF" BEGIN="noteref-592"/><area ID="ptr-noteref-593" FILEID="c06" BETYPE="IDREF" BEGIN="noteref-593"/><area ID="ptr-noteref-594" FILEID="c06" BETYPE="IDREF" BEGIN="noteref-594"/><area ID="ptr-noteref-595" FILEID="c06" BETYPE="IDREF" BEGIN="noteref-595"/><area ID="ptr-noteref-596" FILEID="c06" BETYPE="IDREF" BEGIN="noteref-596"/><area ID="ptr-noteref-597" FILEID="c06" BETYPE="IDREF" BEGIN="noteref-597"/><area ID="ptr-noteref-598" FILEID="c06" BETYPE="IDREF" BEGIN="noteref-598"/><area ID="ptr-noteref-599" FILEID="c06" BETYPE="IDREF" BEGIN="noteref-599"/><area ID="ptr-noteref-600" FILEID="c06" BETYPE="IDREF" BEGIN="noteref-600"/><area ID="ptr-noteref-601" FILEID="c06" BETYPE="IDREF" BEGIN="noteref-601"/><area ID="ptr-noteref-602" FILEID="c06" BETYPE="IDREF" BEGIN="noteref-602"/><area ID="ptr-noteref-603" FILEID="c06" BETYPE="IDREF" BEGIN="noteref-603"/><area ID="ptr-noteref-604" FILEID="c06" BETYPE="IDREF" BEGIN="noteref-604"/><area ID="ptr-noteref-605" FILEID="c06" BETYPE="IDREF" BEGIN="noteref-605"/><area ID="ptr-noteref-606" FILEID="c06" BETYPE="IDREF" BEGIN="noteref-606"/><area ID="ptr-noteref-607" FILEID="c06" BETYPE="IDREF" BEGIN="noteref-607"/><area ID="ptr-noteref-608" FILEID="c06" BETYPE="IDREF" BEGIN="noteref-608"/><area ID="ptr-noteref-609" FILEID="c06" BETYPE="IDREF" BEGIN="noteref-609"/><area ID="ptr-noteref-610" FILEID="c06" BETYPE="IDREF" BEGIN="noteref-610"/><area ID="ptr-noteref-611" FILEID="c06" BETYPE="IDREF" BEGIN="noteref-611"/><area ID="ptr-noteref-612" FILEID="c06" BETYPE="IDREF" BEGIN="noteref-612"/><area ID="ptr-noteref-613" FILEID="c06" BETYPE="IDREF" BEGIN="noteref-613"/><area ID="ptr-noteref-614" FILEID="c06" BETYPE="IDREF" BEGIN="noteref-614"/><area ID="ptr-noteref-615" FILEID="c06" BETYPE="IDREF" BEGIN="noteref-615"/><area ID="ptr-noteref-616" FILEID="c06" BETYPE="IDREF" BEGIN="noteref-616"/><area ID="ptr-noteref-617" FILEID="c06" BETYPE="IDREF" BEGIN="noteref-617"/><area ID="ptr-noteref-618" FILEID="c06" BETYPE="IDREF" BEGIN="noteref-618"/><area ID="ptr-noteref-619" FILEID="c06" BETYPE="IDREF" BEGIN="noteref-619"/><area ID="ptr-noteref-620" FILEID="c06" BETYPE="IDREF" BEGIN="noteref-620"/><area ID="ptr-noteref-621" FILEID="c06" BETYPE="IDREF" BEGIN="noteref-621"/><area ID="ptr-noteref-622" FILEID="c06" BETYPE="IDREF" BEGIN="noteref-622"/><area ID="ptr-noteref-623" FILEID="c06" BETYPE="IDREF" BEGIN="noteref-623"/><area ID="ptr-noteref-624" FILEID="c06" BETYPE="IDREF" BEGIN="noteref-624"/><area ID="ptr-noteref-625" FILEID="c06" BETYPE="IDREF" BEGIN="noteref-625"/><area ID="ptr-noteref-626" FILEID="c06" BETYPE="IDREF" BEGIN="noteref-626"/><area ID="ptr-noteref-627" FILEID="c06" BETYPE="IDREF" BEGIN="noteref-627"/><area ID="ptr-noteref-628" FILEID="c06" BETYPE="IDREF" BEGIN="noteref-628"/><area ID="ptr-noteref-629" FILEID="c06" BETYPE="IDREF" BEGIN="noteref-629"/><area ID="ptr-noteref-630" FILEID="c06" BETYPE="IDREF" BEGIN="noteref-630"/><area ID="ptr-noteref-631" FILEID="c06" BETYPE="IDREF" BEGIN="noteref-631"/><area ID="ptr-noteref-632" FILEID="c06" BETYPE="IDREF" BEGIN="noteref-632"/><area ID="ptr-noteref-633" FILEID="c06" BETYPE="IDREF" BEGIN="noteref-633"/><area ID="ptr-noteref-634" FILEID="c06" BETYPE="IDREF" BEGIN="noteref-634"/><area ID="ptr-noteref-635" FILEID="c06" BETYPE="IDREF" BEGIN="noteref-635"/><area ID="ptr-noteref-636" FILEID="c06" BETYPE="IDREF" BEGIN="noteref-636"/><area ID="ptr-noteref-637" FILEID="c06" BETYPE="IDREF" BEGIN="noteref-637"/><area ID="ptr-noteref-638" FILEID="c06" BETYPE="IDREF" BEGIN="noteref-638"/><area ID="ptr-noteref-639" FILEID="c06" BETYPE="IDREF" BEGIN="noteref-639"/><area ID="ptr-noteref-640" FILEID="c06" BETYPE="IDREF" BEGIN="noteref-640"/><area ID="ptr-noteref-641" FILEID="c06" BETYPE="IDREF" BEGIN="noteref-641"/><area ID="ptr-noteref-642" FILEID="c06" BETYPE="IDREF" BEGIN="noteref-642"/><area ID="ptr-noteref-643" FILEID="c06" BETYPE="IDREF" BEGIN="noteref-643"/><area ID="ptr-noteref-644" FILEID="c06" BETYPE="IDREF" BEGIN="noteref-644"/><area ID="ptr-noteref-645" FILEID="c06" BETYPE="IDREF" BEGIN="noteref-645"/><area ID="ptr-noteref-646" FILEID="c06" BETYPE="IDREF" BEGIN="noteref-646"/><area ID="ptr-noteref-647" FILEID="c06" BETYPE="IDREF" BEGIN="noteref-647"/><area ID="ptr-noteref-648" FILEID="c06" BETYPE="IDREF" BEGIN="noteref-648"/><area ID="ptr-noteref-649" FILEID="c06" BETYPE="IDREF" BEGIN="noteref-649"/><area ID="ptr-noteref-650" FILEID="c06" BETYPE="IDREF" BEGIN="noteref-650"/><area ID="ptr-noteref-651" FILEID="c06" BETYPE="IDREF" BEGIN="noteref-651"/><area ID="ptr-noteref-652" FILEID="c06" BETYPE="IDREF" BEGIN="noteref-652"/><area ID="ptr-noteref-653" FILEID="c06" BETYPE="IDREF" BEGIN="noteref-653"/><area ID="ptr-noteref-654" FILEID="c06" BETYPE="IDREF" BEGIN="noteref-654"/><area ID="ptr-noteref-655" FILEID="c06" BETYPE="IDREF" BEGIN="noteref-655"/><area ID="ptr-noteref-656" FILEID="c06" BETYPE="IDREF" BEGIN="noteref-656"/><area ID="ptr-noteref-657" FILEID="c06" BETYPE="IDREF" BEGIN="noteref-657"/><area ID="ptr-noteref-658" FILEID="c06" BETYPE="IDREF" BEGIN="noteref-658"/><area ID="ptr-noteref-659" FILEID="c06" BETYPE="IDREF" BEGIN="noteref-659"/><area ID="ptr-noteref-660" FILEID="c06" BETYPE="IDREF" BEGIN="noteref-660"/><area ID="ptr-noteref-661" FILEID="c06" BETYPE="IDREF" BEGIN="noteref-661"/><area ID="ptr-noteref-662" FILEID="c06" BETYPE="IDREF" BEGIN="noteref-662"/><area ID="ptr-noteref-663" FILEID="c06" BETYPE="IDREF" BEGIN="noteref-663"/><area ID="ptr-noteref-664" FILEID="c06" BETYPE="IDREF" BEGIN="noteref-664"/><area ID="ptr-noteref-665" FILEID="c06" BETYPE="IDREF" BEGIN="noteref-665"/><area ID="ptr-noteref-666" FILEID="c06" BETYPE="IDREF" BEGIN="noteref-666"/><area ID="ptr-noteref-667" FILEID="c06" BETYPE="IDREF" BEGIN="noteref-667"/><area ID="ptr-noteref-668" FILEID="c06" BETYPE="IDREF" BEGIN="noteref-668"/><area ID="ptr-noteref-669" FILEID="c06" BETYPE="IDREF" BEGIN="noteref-669"/><area ID="ptr-noteref-670" FILEID="c06" BETYPE="IDREF" BEGIN="noteref-670"/><area ID="ptr-noteref-671" FILEID="c06" BETYPE="IDREF" BEGIN="noteref-671"/><area ID="ptr-noteref-672" FILEID="c06" BETYPE="IDREF" BEGIN="noteref-672"/><area ID="ptr-noteref-673" FILEID="c06" BETYPE="IDREF" BEGIN="noteref-673"/><area ID="ptr-noteref-674" FILEID="c06" BETYPE="IDREF" BEGIN="noteref-674"/><area ID="ptr-noteref-675" FILEID="c06" BETYPE="IDREF" BEGIN="noteref-675"/><area ID="ptr-noteref-676" FILEID="c06" BETYPE="IDREF" BEGIN="noteref-676"/><area ID="ptr-noteref-677" FILEID="c06" BETYPE="IDREF" BEGIN="noteref-677"/><area ID="ptr-noteref-678" FILEID="c06" BETYPE="IDREF" BEGIN="noteref-678"/><area ID="ptr-noteref-679" FILEID="c06" BETYPE="IDREF" BEGIN="noteref-679"/><area ID="ptr-noteref-680" FILEID="c06" BETYPE="IDREF" BEGIN="noteref-680"/><area ID="ptr-noteref-681" FILEID="c06" BETYPE="IDREF" BEGIN="noteref-681"/><area ID="ptr-noteref-682" FILEID="c06" BETYPE="IDREF" BEGIN="noteref-682"/><area ID="ptr-noteref-683" FILEID="c06" BETYPE="IDREF" BEGIN="noteref-683"/><area ID="ptr-noteref-684" FILEID="c06" BETYPE="IDREF" BEGIN="noteref-684"/><area ID="ptr-noteref-685" FILEID="c06" BETYPE="IDREF" BEGIN="noteref-685"/><area ID="ptr-noteref-686" FILEID="c06" BETYPE="IDREF" BEGIN="noteref-686"/><area ID="ptr-noteref-687" FILEID="c06" BETYPE="IDREF" BEGIN="noteref-687"/><area ID="ptr-noteref-688" FILEID="c06" BETYPE="IDREF" BEGIN="noteref-688"/><area ID="ptr-noteref-689" FILEID="c06" BETYPE="IDREF" BEGIN="noteref-689"/><area ID="ptr-noteref-690" FILEID="c06" BETYPE="IDREF" BEGIN="noteref-690"/><area ID="ptr-noteref-691" FILEID="c06" BETYPE="IDREF" BEGIN="noteref-691"/><area ID="ptr-noteref-692" FILEID="c06" BETYPE="IDREF" BEGIN="noteref-692"/><area ID="ptr-noteref-693" FILEID="c06" BETYPE="IDREF" BEGIN="noteref-693"/><area ID="ptr-noteref-694" FILEID="c06" BETYPE="IDREF" BEGIN="noteref-694"/><area ID="ptr-noteref-695" FILEID="c06" BETYPE="IDREF" BEGIN="noteref-695"/><area ID="ptr-noteref-696" FILEID="c06" BETYPE="IDREF" BEGIN="noteref-696"/><area ID="ptr-noteref-697" FILEID="c06" BETYPE="IDREF" BEGIN="noteref-697"/><area ID="ptr-noteref-698" FILEID="c06" BETYPE="IDREF" BEGIN="noteref-698"/><area ID="ptr-noteref-699" FILEID="c06" BETYPE="IDREF" BEGIN="noteref-699"/><area ID="ptr-noteref-700" FILEID="c06" BETYPE="IDREF" BEGIN="noteref-700"/><area ID="ptr-noteref-701" FILEID="c06" BETYPE="IDREF" BEGIN="noteref-701"/><area ID="ptr-noteref-702" FILEID="c06" BETYPE="IDREF" BEGIN="noteref-702"/><area ID="ptr-noteref-703" FILEID="c06" BETYPE="IDREF" BEGIN="noteref-703"/><area ID="ptr-noteref-704" FILEID="c06" BETYPE="IDREF" BEGIN="noteref-704"/><area ID="ptr-noteref-705" FILEID="c06" BETYPE="IDREF" BEGIN="noteref-705"/><area ID="ptr-noteref-706" FILEID="c06" BETYPE="IDREF" BEGIN="noteref-706"/><area ID="ptr-noteref-707" FILEID="c06" BETYPE="IDREF" BEGIN="noteref-707"/><area ID="ptr-noteref-708" FILEID="c06" BETYPE="IDREF" BEGIN="noteref-708"/><area ID="ptr-noteref-709" FILEID="c06" BETYPE="IDREF" BEGIN="noteref-709"/><area ID="ptr-noteref-710" FILEID="c06" BETYPE="IDREF" BEGIN="noteref-710"/><area ID="ptr-noteref-711" FILEID="c06" BETYPE="IDREF" BEGIN="noteref-711"/><area ID="ptr-noteref-712" FILEID="c06" BETYPE="IDREF" BEGIN="noteref-712"/><area ID="ptr-noteref-713" FILEID="c06" BETYPE="IDREF" BEGIN="noteref-713"/></fptr></div><div TYPE="section" LABEL="Conclusion"><fptr FILEID="conclusion"><area ID="page-218" FILEID="conclusion" BEGIN="p218" BETYPE="IDREF" END="p219"/><area ID="page-219" FILEID="conclusion" BEGIN="p219" BETYPE="IDREF" END="p220"/><area ID="page-220" FILEID="conclusion" BEGIN="p220" BETYPE="IDREF" END="p221"/><area ID="page-221" FILEID="conclusion" BEGIN="p221" BETYPE="IDREF" END="p222"/><area ID="page-222" FILEID="conclusion" BEGIN="p222" BETYPE="IDREF" END="p223"/><area ID="page-223" FILEID="conclusion" BEGIN="p223" BETYPE="IDREF" END="p224"/><area ID="page-224" FILEID="conclusion" BEGIN="p224" BETYPE="IDREF"/></fptr></div><div TYPE="section" LABEL="Epilogue"><fptr FILEID="epilogue"><area ID="page-225" FILEID="epilogue" BEGIN="p225" BETYPE="IDREF" END="p226"/><area ID="page-226" FILEID="epilogue" BEGIN="p226" BETYPE="IDREF" END="p227"/><area ID="page-227" FILEID="epilogue" BEGIN="p227" BETYPE="IDREF" END="p228"/><area ID="page-228" FILEID="epilogue" BEGIN="p228" BETYPE="IDREF" END="p229"/><area ID="page-229" FILEID="epilogue" BEGIN="p229" BETYPE="IDREF" END="p230"/><area ID="page-230" FILEID="epilogue" BEGIN="p230" BETYPE="IDREF"/><area ID="ptr-noteref-714" FILEID="epilogue" BETYPE="IDREF" BEGIN="noteref-714"/><area ID="ptr-noteref-715" FILEID="epilogue" BETYPE="IDREF" BEGIN="noteref-715"/></fptr></div><div TYPE="section" LABEL="Notes"><fptr FILEID="endnotes"><area ID="page-231" FILEID="endnotes" BEGIN="p231" BETYPE="IDREF" END="p232"/><area ID="page-232" FILEID="endnotes" BEGIN="p232" BETYPE="IDREF" END="p233"/><area ID="page-233" FILEID="endnotes" BEGIN="p233" BETYPE="IDREF" END="p234"/><area ID="page-234" FILEID="endnotes" BEGIN="p234" BETYPE="IDREF" END="p235"/><area ID="page-235" FILEID="endnotes" BEGIN="p235" BETYPE="IDREF" END="p236"/><area ID="page-236" FILEID="endnotes" BEGIN="p236" BETYPE="IDREF" END="p237"/><area ID="page-237" FILEID="endnotes" BEGIN="p237" BETYPE="IDREF" END="p238"/><area ID="page-238" FILEID="endnotes" BEGIN="p238" BETYPE="IDREF" END="p239"/><area ID="page-239" FILEID="endnotes" BEGIN="p239" BETYPE="IDREF" END="p240"/><area ID="page-240" FILEID="endnotes" BEGIN="p240" BETYPE="IDREF" END="p241"/><area ID="page-241" FILEID="endnotes" BEGIN="p241" BETYPE="IDREF" END="p242"/><area ID="page-242" FILEID="endnotes" BEGIN="p242" BETYPE="IDREF" END="p243"/><area ID="page-243" FILEID="endnotes" BEGIN="p243" BETYPE="IDREF" END="p244"/><area ID="page-244" FILEID="endnotes" BEGIN="p244" BETYPE="IDREF" END="p245"/><area ID="page-245" FILEID="endnotes" BEGIN="p245" BETYPE="IDREF" END="p246"/><area ID="page-246" FILEID="endnotes" BEGIN="p246" BETYPE="IDREF" END="p247"/><area ID="page-247" FILEID="endnotes" BEGIN="p247" BETYPE="IDREF" END="p248"/><area ID="page-248" FILEID="endnotes" BEGIN="p248" BETYPE="IDREF" END="p249"/><area ID="page-249" FILEID="endnotes" BEGIN="p249" BETYPE="IDREF" END="p250"/><area ID="page-250" FILEID="endnotes" BEGIN="p250" BETYPE="IDREF" END="p251"/><area ID="page-251" FILEID="endnotes" BEGIN="p251" BETYPE="IDREF" END="p252"/><area ID="page-252" FILEID="endnotes" BEGIN="p252" BETYPE="IDREF" END="p253"/><area ID="page-253" FILEID="endnotes" BEGIN="p253" BETYPE="IDREF" END="p254"/><area ID="page-254" FILEID="endnotes" BEGIN="p254" BETYPE="IDREF" END="p255"/><area ID="page-255" FILEID="endnotes" BEGIN="p255" BETYPE="IDREF" END="p256"/><area ID="page-256" FILEID="endnotes" BEGIN="p256" BETYPE="IDREF" END="p257"/><area ID="page-257" FILEID="endnotes" BEGIN="p257" BETYPE="IDREF" END="p258"/><area ID="page-258" FILEID="endnotes" BEGIN="p258" BETYPE="IDREF" END="p259"/><area ID="page-259" FILEID="endnotes" BEGIN="p259" BETYPE="IDREF" END="p260"/><area ID="page-260" FILEID="endnotes" BEGIN="p260" BETYPE="IDREF" END="p261"/><area ID="page-261" FILEID="endnotes" BEGIN="p261" BETYPE="IDREF" END="p262"/><area ID="page-262" FILEID="endnotes" BEGIN="p262" BETYPE="IDREF" END="p263"/><area ID="page-263" FILEID="endnotes" BEGIN="p263" BETYPE="IDREF" END="p264"/><area ID="page-264" FILEID="endnotes" BEGIN="p264" BETYPE="IDREF" END="p265"/><area ID="page-265" FILEID="endnotes" BEGIN="p265" BETYPE="IDREF" END="p266"/><area ID="page-266" FILEID="endnotes" BEGIN="p266" BETYPE="IDREF" END="p267"/><area ID="page-267" FILEID="endnotes" BEGIN="p267" BETYPE="IDREF" END="p268"/><area ID="page-268" FILEID="endnotes" BEGIN="p268" BETYPE="IDREF" END="p269"/><area ID="page-269" FILEID="endnotes" BEGIN="p269" BETYPE="IDREF" END="p270"/><area ID="page-270" FILEID="endnotes" BEGIN="p270" BETYPE="IDREF" END="p271"/><area ID="page-271" FILEID="endnotes" BEGIN="p271" BETYPE="IDREF" END="p272"/><area ID="page-272" FILEID="endnotes" BEGIN="p272" BETYPE="IDREF" END="p273"/><area ID="page-273" FILEID="endnotes" BEGIN="p273" BETYPE="IDREF" END="p274"/><area ID="page-274" FILEID="endnotes" BEGIN="p274" BETYPE="IDREF" END="p275"/><area ID="page-275" FILEID="endnotes" BEGIN="p275" BETYPE="IDREF" END="p276"/><area ID="page-276" FILEID="endnotes" BEGIN="p276" BETYPE="IDREF" END="p277"/><area ID="page-277" FILEID="endnotes" BEGIN="p277" BETYPE="IDREF" END="p278"/><area ID="page-278" FILEID="endnotes" BEGIN="p278" BETYPE="IDREF" END="p279"/><area ID="page-279" FILEID="endnotes" BEGIN="p279" BETYPE="IDREF" END="p280"/><area ID="page-280" FILEID="endnotes" BEGIN="p280" BETYPE="IDREF" END="p281"/><area ID="page-281" FILEID="endnotes" BEGIN="p281" BETYPE="IDREF" END="p282"/><area ID="page-282" FILEID="endnotes" BEGIN="p282" BETYPE="IDREF" END="p283"/><area ID="page-283" FILEID="endnotes" BEGIN="p283" BETYPE="IDREF" END="p284"/><area ID="page-284" FILEID="endnotes" BEGIN="p284" BETYPE="IDREF" END="p285"/><area ID="page-285" FILEID="endnotes" BEGIN="p285" BETYPE="IDREF" END="p286"/><area ID="page-286" FILEID="endnotes" BEGIN="p286" BETYPE="IDREF" END="p287"/><area ID="page-287" FILEID="endnotes" BEGIN="p287" BETYPE="IDREF" END="p288"/><area ID="page-288" FILEID="endnotes" BEGIN="p288" BETYPE="IDREF" END="p289"/><area ID="page-289" FILEID="endnotes" BEGIN="p289" BETYPE="IDREF" END="p290"/><area ID="page-290" FILEID="endnotes" BEGIN="p290" BETYPE="IDREF" END="p291"/><area ID="page-291" FILEID="endnotes" BEGIN="p291" BETYPE="IDREF" END="p292"/><area ID="page-292" FILEID="endnotes" BEGIN="p292" BETYPE="IDREF" END="p293"/><area ID="page-293" FILEID="endnotes" BEGIN="p293" BETYPE="IDREF" END="p294"/><area ID="page-294" FILEID="endnotes" BEGIN="p294" BETYPE="IDREF" END="p295"/><area ID="page-295" FILEID="endnotes" BEGIN="p295" BETYPE="IDREF" END="p296"/><area ID="page-296" FILEID="endnotes" BEGIN="p296" BETYPE="IDREF" END="p297"/><area ID="page-297" FILEID="endnotes" BEGIN="p297" BETYPE="IDREF" END="p298"/><area ID="page-298" FILEID="endnotes" BEGIN="p298" BETYPE="IDREF" END="p299"/><area ID="page-299" FILEID="endnotes" BEGIN="p299" BETYPE="IDREF" END="p300"/><area ID="page-300" FILEID="endnotes" BEGIN="p300" BETYPE="IDREF" END="p301"/><area ID="page-301" FILEID="endnotes" BEGIN="p301" BETYPE="IDREF" END="p302"/><area ID="page-302" FILEID="endnotes" BEGIN="p302" BETYPE="IDREF" END="p303"/><area ID="page-303" FILEID="endnotes" BEGIN="p303" BETYPE="IDREF" END="p304"/><area ID="page-304" FILEID="endnotes" BEGIN="p304" BETYPE="IDREF" END="p305"/><area ID="page-305" FILEID="endnotes" BEGIN="p305" BETYPE="IDREF" END="p306"/><area ID="page-306" FILEID="endnotes" BEGIN="p306" BETYPE="IDREF" END="p307"/><area ID="page-307" FILEID="endnotes" BEGIN="p307" BETYPE="IDREF" END="p308"/><area ID="page-308" FILEID="endnotes" BEGIN="p308" BETYPE="IDREF" END="p309"/><area ID="page-309" FILEID="endnotes" BEGIN="p309" BETYPE="IDREF" END="p310"/><area ID="page-310" FILEID="endnotes" BEGIN="p310" BETYPE="IDREF" END="p311"/><area ID="page-311" FILEID="endnotes" BEGIN="p311" BETYPE="IDREF" END="p312"/><area ID="page-312" FILEID="endnotes" BEGIN="p312" BETYPE="IDREF" END="p313"/><area ID="page-313" FILEID="endnotes" BEGIN="p313" BETYPE="IDREF" END="p314"/><area ID="page-314" FILEID="endnotes" BEGIN="p314" BETYPE="IDREF" END="p315"/><area ID="page-315" FILEID="endnotes" BEGIN="p315" BETYPE="IDREF" END="p316"/><area ID="page-316" FILEID="endnotes" BEGIN="p316" BETYPE="IDREF"/></fptr></div><div TYPE="section" LABEL="Bibliography"><fptr FILEID="bib"><area ID="page-317" FILEID="bib" BEGIN="p317" BETYPE="IDREF" END="p318"/><area ID="page-318" FILEID="bib" BEGIN="p318" BETYPE="IDREF" END="p319"/><area ID="page-319" FILEID="bib" BEGIN="p319" BETYPE="IDREF" END="p320"/><area ID="page-320" FILEID="bib" BEGIN="p320" BETYPE="IDREF" END="p321"/><area ID="page-321" FILEID="bib" BEGIN="p321" BETYPE="IDREF" END="p322"/><area ID="page-322" FILEID="bib" BEGIN="p322" BETYPE="IDREF" END="p323"/><area ID="page-323" FILEID="bib" BEGIN="p323" BETYPE="IDREF" END="p324"/><area ID="page-324" FILEID="bib" BEGIN="p324" BETYPE="IDREF" END="p325"/><area ID="page-325" FILEID="bib" BEGIN="p325" BETYPE="IDREF" END="p326"/><area ID="page-326" FILEID="bib" BEGIN="p326" BETYPE="IDREF" END="p327"/><area ID="page-327" FILEID="bib" BEGIN="p327" BETYPE="IDREF" END="p328"/><area ID="page-328" FILEID="bib" BEGIN="p328" BETYPE="IDREF" END="p329"/><area ID="page-329" FILEID="bib" BEGIN="p329" BETYPE="IDREF" END="p330"/><area ID="page-330" FILEID="bib" BEGIN="p330" BETYPE="IDREF" END="p331"/><area ID="page-331" FILEID="bib" BEGIN="p331" BETYPE="IDREF" END="p332"/><area ID="page-332" FILEID="bib" BEGIN="p332" BETYPE="IDREF" END="p333"/><area ID="page-333" FILEID="bib" BEGIN="p333" BETYPE="IDREF" END="p334"/><area ID="page-334" FILEID="bib" BEGIN="p334" BETYPE="IDREF" END="p335"/><area ID="page-335" FILEID="bib" BEGIN="p335" BETYPE="IDREF" END="p336"/><area ID="page-336" FILEID="bib" BEGIN="p336" BETYPE="IDREF" END="p337"/><area ID="page-337" FILEID="bib" BEGIN="p337" BETYPE="IDREF" END="p338"/><area ID="page-338" FILEID="bib" BEGIN="p338" BETYPE="IDREF" END="p339"/><area ID="page-339" FILEID="bib" BEGIN="p339" BETYPE="IDREF" END="p340"/><area ID="page-340" FILEID="bib" BEGIN="p340" BETYPE="IDREF"/></fptr></div><div TYPE="section" LABEL="Index"><fptr FILEID="index"><area ID="page-341" FILEID="index" BEGIN="p341" BETYPE="IDREF" END="p342"/><area ID="page-342" FILEID="index" BEGIN="p342" BETYPE="IDREF" END="p343"/><area ID="page-343" FILEID="index" BEGIN="p343" BETYPE="IDREF" END="p344"/><area ID="page-344" FILEID="index" BEGIN="p344" BETYPE="IDREF" END="p345"/><area ID="page-345" FILEID="index" BEGIN="p345" BETYPE="IDREF" END="p346"/><area ID="page-346" FILEID="index" BEGIN="p346" BETYPE="IDREF" END="p347"/><area ID="page-347" FILEID="index" BEGIN="p347" BETYPE="IDREF" END="p348"/><area ID="page-348" FILEID="index" BEGIN="p348" BETYPE="IDREF" END="p349"/><area ID="page-349" FILEID="index" BEGIN="p349" BETYPE="IDREF" END="p350"/><area ID="page-350" FILEID="index" BEGIN="p350" BETYPE="IDREF" END="p351"/><area ID="page-351" FILEID="index" BEGIN="p351" BETYPE="IDREF" END="p352"/><area ID="page-352" FILEID="index" BEGIN="p352" BETYPE="IDREF" END="p353"/><area ID="page-353" FILEID="index" BEGIN="p353" BETYPE="IDREF" END="p354"/><area ID="page-354" FILEID="index" BEGIN="p354" BETYPE="IDREF" END="p355"/><area ID="page-355" FILEID="index" BEGIN="p355" BETYPE="IDREF" END="p356"/><area ID="page-356" FILEID="index" BEGIN="p356" BETYPE="IDREF" END="p357"/><area ID="page-357" FILEID="index" BEGIN="p357" BETYPE="IDREF" END="p358"/><area ID="page-358" FILEID="index" BEGIN="p358" BETYPE="IDREF" END="p359"/><area ID="page-359" FILEID="index" BEGIN="p359" BETYPE="IDREF" END="p360"/><area ID="page-360" FILEID="index" BEGIN="p360" BETYPE="IDREF" END="p361"/><area ID="page-361" FILEID="index" BEGIN="p361" BETYPE="IDREF" END="p362"/><area ID="page-362" FILEID="index" BEGIN="p362" BETYPE="IDREF" END="p363"/><area ID="page-363" FILEID="index" BEGIN="p363" BETYPE="IDREF" END="p364"/><area ID="page-364" FILEID="index" BEGIN="p364" BETYPE="IDREF" END="p365"/><area ID="page-365" FILEID="index" BEGIN="p365" BETYPE="IDREF" END="p366"/><area ID="page-366" FILEID="index" BEGIN="p366" BETYPE="IDREF"/></fptr></div></structMap></mets>